<?XML Version="1.0">
<nidocument>
<nicomment>
<nifamily familyname="CompactRIO MDK" displayname="CompactRIO MDK">
</nifamily>
</nicomment>
<nierror code="-358619">
CompactRIO MDK:  Third party C Series module error code. Refer to the module documentation for more information.
</nierror>
<nierror code="-358618">
CompactRIO MDK:  Third party C Series module error code. Refer to the module documentation for more information.
</nierror>
<nierror code="-358617">
CompactRIO MDK:  Third party C Series module error code. Refer to the module documentation for more information.
</nierror>
<nierror code="-358616">
CompactRIO MDK:  Third party C Series module error code. Refer to the module documentation for more information.
</nierror>
<nierror code="-358615">
CompactRIO MDK:  Third party C Series module error code. Refer to the module documentation for more information.
</nierror>
<nierror code="-358614">
CompactRIO MDK:  Third party C Series module error code. Refer to the module documentation for more information.
</nierror>
<nierror code="-358613">
CompactRIO MDK:  Third party C Series module error code. Refer to the module documentation for more information.
</nierror>
<nierror code="-358612">
CompactRIO MDK:  Third party C Series module error code. Refer to the module documentation for more information.
</nierror>
<nierror code="-358611">
CompactRIO MDK:  Third party C Series module error code. Refer to the module documentation for more information.
</nierror>
<nierror code="-358610">
CompactRIO MDK:  Third party C Series module error code. Refer to the module documentation for more information.
</nierror>
<nierror code="-358609">
CompactRIO MDK:  Third party C Series module error code. Refer to the module documentation for more information.
</nierror>
<nierror code="-358608">
CompactRIO MDK:  Third party C Series module error code. Refer to the module documentation for more information.
</nierror>
<nierror code="-358607">
CompactRIO MDK:  Third party C Series module error code. Refer to the module documentation for more information.
</nierror>
<nierror code="-358606">
CompactRIO MDK:  Third party C Series module error code. Refer to the module documentation for more information.
</nierror>
<nierror code="-358605">
CompactRIO MDK:  Third party C Series module error code. Refer to the module documentation for more information.
</nierror>
<nierror code="-358604">
CompactRIO MDK:  Third party C Series module error code. Refer to the module documentation for more information.
</nierror>
<nierror code="-358603">
CompactRIO MDK:  Third party C Series module error code. Refer to the module documentation for more information.
</nierror>
<nierror code="-358602">
CompactRIO MDK:  Third party C Series module error code. Refer to the module documentation for more information.
</nierror>
<nierror code="-358601">
CompactRIO MDK:  Third party C Series module error code. Refer to the module documentation for more information.
</nierror>
<nierror code="-358600">
CompactRIO MDK:  Third party C Series module error code. Refer to the module documentation for more information.
</nierror>
<nierror code="358600">
CompactRIO MDK:  Third party C Series module error code. Refer to the module documentation for more information.
</nierror>
<nierror code="358601">
CompactRIO MDK:  Third party C Series module error code. Refer to the module documentation for more information.
</nierror>
<nierror code="358602">
CompactRIO MDK:  Third party C Series module error code. Refer to the module documentation for more information.
</nierror>
<nierror code="358603">
CompactRIO MDK:  Third party C Series module error code. Refer to the module documentation for more information.
</nierror>
<nierror code="358604">
CompactRIO MDK:  Third party C Series module error code. Refer to the module documentation for more information.
</nierror>
<nierror code="358605">
CompactRIO MDK:  Third party C Series module error code. Refer to the module documentation for more information.
</nierror>
<nierror code="358606">
CompactRIO MDK:  Third party C Series module error code. Refer to the module documentation for more information.
</nierror>
<nierror code="358607">
CompactRIO MDK:  Third party C Series module error code. Refer to the module documentation for more information.
</nierror>
<nierror code="358608">
CompactRIO MDK:  Third party C Series module error code. Refer to the module documentation for more information.
</nierror>
<nierror code="358609">
CompactRIO MDK:  Third party C Series module error code. Refer to the module documentation for more information.
</nierror>
<nierror code="358610">
CompactRIO MDK:  Third party C Series module error code. Refer to the module documentation for more information.
</nierror>
<nierror code="358611">
CompactRIO MDK:  Third party C Series module error code. Refer to the module documentation for more information.
</nierror>
<nierror code="358612">
CompactRIO MDK:  Third party C Series module error code. Refer to the module documentation for more information.
</nierror>
<nierror code="358613">
CompactRIO MDK:  Third party C Series module error code. Refer to the module documentation for more information.
</nierror>
<nierror code="358614">
CompactRIO MDK:  Third party C Series module error code. Refer to the module documentation for more information.
</nierror>
<nierror code="358615">
CompactRIO MDK:  Third party C Series module error code. Refer to the module documentation for more information.
</nierror>
<nierror code="358616">
CompactRIO MDK:  Third party C Series module error code. Refer to the module documentation for more information.
</nierror>
<nierror code="358617">
CompactRIO MDK:  Third party C Series module error code. Refer to the module documentation for more information.
</nierror>
<nierror code="358618">
CompactRIO MDK:  Third party C Series module error code. Refer to the module documentation for more information.
</nierror>
<nierror code="358619">
CompactRIO MDK:  Third party C Series module error code. Refer to the module documentation for more information.
</nierror>
</nidocument>