<?XML Version="1.0">
<nidocument>
<nicomment>
<nifamily familyname="NI System Configuration" displayname="NI System Configuration">
</nifamily>
</nicomment>
<nierror code="-2147467263">
NI System Configuration:  (Hex 0x80004001) This operation is not implemented for this target or resource.
</nierror>
<nierror code="-2147467261">
NI System Configuration:  (Hex 0x80004003) A required pointer parameter was NULL.
</nierror>
<nierror code="-2147467259">
NI System Configuration:  (Hex 0x80004005) Miscellaneous operation failure.
</nierror>
<nierror code="-2147418113">
NI System Configuration:  (Hex 0x8000FFFF) A critical unexpected error occurred. Please report this error to National Instruments.
</nierror>
<nierror code="-2147220624">
NI System Configuration:  (Hex 0x80040370) The property already exists with a different type or value.
</nierror>
<nierror code="-2147220623">
NI System Configuration:  (Hex 0x80040371) The property does not exist for this resource.
</nierror>
<nierror code="-2147220622">
NI System Configuration:  (Hex 0x80040372) The name of the target or expert contains illegal characters or has an invalid format. Each label of the hostname must be between 1 and 63 characters long, and the entire hostname, including delimiting dots, must be 255 characters or less.
</nierror>
<nierror code="-2147220621">
NI System Configuration:  (Hex 0x80040373) Could not contact the System Configuration API at the specified target address. Ensure that the system is online.
</nierror>
<nierror code="-2147220620">
NI System Configuration:  (Hex 0x80040374) A specified expert is not installed.
</nierror>
<nierror code="-2147220619">
NI System Configuration:  (Hex 0x80040375) The specified resource name does not exist.
</nierror>
<nierror code="-2147220618">
NI System Configuration:  (Hex 0x80040376) The specified mode is invalid.
</nierror>
<nierror code="-2147220617">
NI System Configuration:  (Hex 0x80040377) The value 'allowAsyncNotification' is TRUE and the attribute is not ready.
</nierror>
<nierror code="-2147220616">
NI System Configuration:  (Hex 0x80040378) The NI System Configuration API is not installed at the specified target.
</nierror>
<nierror code="-2147220615">
NI System Configuration:  (Hex 0x80040379) You cannot install more than one callback handler per framework instance.
</nierror>
<nierror code="-2147220614">
NI System Configuration:  (Hex 0x8004037A) The suggested name contains illegal characters.
</nierror>
<nierror code="-2147220613">
NI System Configuration:  (Hex 0x8004037B) Another resource already has the suggested name.
</nierror>
<nierror code="-2147220612">
NI System Configuration:  (Hex 0x8004037C) None of the changed properties can be validated.
</nierror>
<nierror code="-2147220611">
NI System Configuration:  (Hex 0x8004037D) The current user does not have permission for the requested operation.
</nierror>
<nierror code="-2147220610">
NI System Configuration:  (Hex 0x8004037E) The resource being renamed has dependencies, and the 'updateDependencies' flag was false.
</nierror>
<nierror code="-2147220609">
NI System Configuration:  (Hex 0x8004037F) A property contained a value that is not valid or is out of range.
</nierror>
<nierror code="-2147220608">
NI System Configuration:  (Hex 0x80040380) Multiple properties contained values that are inconsistent with each other.
</nierror>
<nierror code="-2147220607">
NI System Configuration:  (Hex 0x80040381) The operation was canceled.
</nierror>
<nierror code="-2147220606">
NI System Configuration:  (Hex 0x80040382) Could not parse the response from the NI System Configuration API at the specified target address.
</nierror>
<nierror code="-2147220605">
NI System Configuration:  (Hex 0x80040383) The resource name is valid but the operation requires the resource to be present.
</nierror>
<nierror code="-2147220604">
NI System Configuration:  (Hex 0x80040384) The resource name is valid but the operation is not supported on simulated resources.
</nierror>
<nierror code="-2147220603">
NI System Configuration:  (Hex 0x80040385) The resource requires being in the firmware update state to perform this operation.
</nierror>
<nierror code="-2147220602">
NI System Configuration:  (Hex 0x80040386) The uploaded firmware image does not work with this resource.
</nierror>
<nierror code="-2147220601">
NI System Configuration:  (Hex 0x80040387) The uploaded firmware image is corrupt or incomplete.
</nierror>
<nierror code="-2147220600">
NI System Configuration:  (Hex 0x80040388) The specified firmware version does not exist.
</nierror>
<nierror code="-2147220599">
NI System Configuration:  (Hex 0x80040389) The specified firmware version is older than what is currently installed.
</nierror>
<nierror code="-2147220598">
NI System Configuration:  (Hex 0x8004038A) The username or password is invalid.
</nierror>
<nierror code="-2147220597">
NI System Configuration:  (Hex 0x8004038B) The specified firmware was not successfully installed. See the output parameters for more information.
</nierror>
<nierror code="-2147220596">
NI System Configuration:  (Hex 0x8004038C) The data could not be encrypted.
</nierror>
<nierror code="-2147220560">
NI System Configuration:  (Hex 0x800403B0) Unable to write to file or folder. Permission denied.
</nierror>
<nierror code="-2147220559">
NI System Configuration:  (Hex 0x800403B1) Unable to connect to the specified system. Ensure that the system is online.
</nierror>
<nierror code="-2147220558">
NI System Configuration:  (Hex 0x800403B2) Error running transform to generate report
</nierror>
<nierror code="-2147220557">
NI System Configuration:  (Hex 0x800403B3) Unable to find NI MAX on the system. Please reinstall.
</nierror>
<nierror code="-2147220556">
NI System Configuration:  (Hex 0x800403B4) Unexpected error launching nimax.exe
</nierror>
<nierror code="-2147220555">
NI System Configuration:  (Hex 0x800403B5) Launched nimax.exe but it did not complete in a reasonable time.
</nierror>
<nierror code="-2147220554">
NI System Configuration:  (Hex 0x800403B6) Unable to find XSL transform to generate report
</nierror>
<nierror code="-2147220553">
NI System Configuration:  (Hex 0x800403B7) Incorrect report file extension provided
</nierror>
<nierror code="-2147220552">
NI System Configuration:  (Hex 0x800403B8) Report file is read-only. Unable to generate report.
</nierror>
<nierror code="-2147220551">
NI System Configuration:  (Hex 0x800403B9) Report file exists and the NIMAX_FailIfOverwritingReport flag was set
</nierror>
<nierror code="-2147220550">
NI System Configuration:  (Hex 0x800403BA) Error creating directory for report files
</nierror>
<nierror code="-2147220480">
NI System Configuration:  (Hex 0x80040400) Error opening a file
</nierror>
<nierror code="-2147220479">
NI System Configuration:  (Hex 0x80040401) The object cannot be accessed because of insufficient permissions
</nierror>
<nierror code="-2147220478">
NI System Configuration:  (Hex 0x80040402) Error with the object copier
</nierror>
<nierror code="-2147220477">
NI System Configuration:  (Hex 0x80040403) Error performing a file operation
</nierror>
<nierror code="-2147220476">
NI System Configuration:  (Hex 0x80040404) Names from one expert have collided with another expert
</nierror>
<nierror code="-2147220475">
NI System Configuration:  (Hex 0x80040405) Unexpected error has occurred
</nierror>
<nierror code="-2147220474">
NI System Configuration:  (Hex 0x80040406) The expert requested its stream for import but one does not exist because it did not export a stream.
</nierror>
<nierror code="-2147220473">
NI System Configuration:  (Hex 0x80040407) Error compressing or decompressing file
</nierror>
<nierror code="-2147220472">
NI System Configuration:  (Hex 0x80040408) Error reading from a stream
</nierror>
<nierror code="-2147220471">
NI System Configuration:  (Hex 0x80040409) Error writing to a stream
</nierror>
<nierror code="-2147220470">
NI System Configuration:  (Hex 0x8004040A) Error seeking to a position in a stream
</nierror>
<nierror code="-2147220469">
NI System Configuration:  (Hex 0x8004040B) Repository not ready to be exported
</nierror>
<nierror code="-2147220468">
NI System Configuration:  (Hex 0x8004040C) The file or stream chosen to import the repository from is not a valid repository
</nierror>
<nierror code="-2147220467">
NI System Configuration:  (Hex 0x8004040D) The repository was exported with a newer version of MAX than what is on the importing machine
</nierror>
<nierror code="-2147220466">
NI System Configuration:  (Hex 0x8004040E) The import storage could not be opened
</nierror>
<nierror code="-2147220465">
NI System Configuration:  (Hex 0x8004040F) The export storage could not be created
</nierror>
<nierror code="-2147220464">
NI System Configuration:  (Hex 0x80040410) The object copier could not be created
</nierror>
<nierror code="-2147220463">
NI System Configuration:  (Hex 0x80040411) A copy operation is already in progress
</nierror>
<nierror code="-2147220462">
NI System Configuration:  (Hex 0x80040412) The custom file does not belong to a given expert
</nierror>
<nierror code="-2147220461">
NI System Configuration:  (Hex 0x80040413) A specified system is not supported by this expert.
</nierror>
<nierror code="-2147220460">
NI System Configuration:  (Hex 0x80040414) A specified system is presumably supported, but network errors prevent connection.
</nierror>
<nierror code="-2147220459">
NI System Configuration:  (Hex 0x80040415) The product is not installed on the specified system.
</nierror>
<nierror code="-2147220458">
NI System Configuration:  (Hex 0x80040416) The product is installed on the remote system, but is too old
</nierror>
<nierror code="-2147220457">
NI System Configuration:  (Hex 0x80040417) The product is installed on the remote system, but is too new
</nierror>
<nierror code="-2147220456">
NI System Configuration:  (Hex 0x80040418) The import data is too old. The product is not backward-compatible with this data.
</nierror>
<nierror code="-2147220455">
NI System Configuration:  (Hex 0x80040419) The import data is too new. The product is not forward-compatible with this data.
</nierror>
<nierror code="-2147220454">
NI System Configuration:  (Hex 0x8004041A) The operation failed because no source items were specified
</nierror>
<nierror code="-2147220453">
NI System Configuration:  (Hex 0x8004041B) The operation failed because some items were orphans
</nierror>
<nierror code="-2147220452">
NI System Configuration:  (Hex 0x8004041C) The operation failed because some items were in-edit and not saved
</nierror>
<nierror code="-2147220451">
NI System Configuration:  (Hex 0x8004041D) The operation failed because it would overwrite a file
</nierror>
<nierror code="-2147220450">
NI System Configuration:  (Hex 0x8004041E) The operation failed because it would overwrite items.
</nierror>
<nierror code="-2147220449">
NI System Configuration:  (Hex 0x8004041F) The operation failed because of missing dependency items.
</nierror>
<nierror code="-2147220448">
NI System Configuration:  (Hex 0x80040420) The operation timed out.
</nierror>
<nierror code="-2147220447">
NI System Configuration:  (Hex 0x80040421) The operation was canceled by the client
</nierror>
<nierror code="-2147220446">
NI System Configuration:  (Hex 0x80040422) The operation failed because of warning conflicts
</nierror>
<nierror code="-2147220445">
NI System Configuration:  (Hex 0x80040423) The operation failed because of general conflicts.
</nierror>
<nierror code="-2147220444">
NI System Configuration:  (Hex 0x80040424) The operation failed because of unresolved conflicts requiring user input
</nierror>
<nierror code="-2147220443">
NI System Configuration:  (Hex 0x80040425) An expert is not ready to accept the specified source or destination, but may become ready in the future
</nierror>
<nierror code="-2147220442">
NI System Configuration:  (Hex 0x80040426) The operation failed because some files were orphans
</nierror>
<nierror code="-2147220441">
NI System Configuration:  (Hex 0x80040427) Caller called a non-const method on an object that is logically const
</nierror>
<nierror code="-2147220440">
NI System Configuration:  (Hex 0x80040428) A product does not support the attempted copy mode (e.g. merge to file, etc)
</nierror>
<nierror code="-2147220370">
NI System Configuration:  (Hex 0x8004046E) Can only perform this action in safe or install mode, and the 'auto restart' flag was false.
</nierror>
<nierror code="-2147220369">
NI System Configuration:  (Hex 0x8004046F) The encryption passphrase when applying an image was not the same as when the image was created.
</nierror>
<nierror code="-2147220368">
NI System Configuration:  (Hex 0x80040470) Invalid IP Address.
</nierror>
<nierror code="-2147220367">
NI System Configuration:  (Hex 0x80040471) Invalid Gateway.
</nierror>
<nierror code="-2147220366">
NI System Configuration:  (Hex 0x80040472) Invalid DNS.
</nierror>
<nierror code="-2147220365">
NI System Configuration:  (Hex 0x80040473) Invalid Subnet.
</nierror>
<nierror code="-2147220364">
NI System Configuration:  (Hex 0x80040474) Command is not supported by given protocol.
</nierror>
<nierror code="-2147220363">
NI System Configuration:  (Hex 0x80040475) Remote system replied with failure to config command.
</nierror>
<nierror code="-2147220362">
NI System Configuration:  (Hex 0x80040476) The remote system is locked.  A password is required to configure.
</nierror>
<nierror code="-2147220361">
NI System Configuration:  (Hex 0x80040477) Password supplied for operation is invalid.
</nierror>
<nierror code="-2147220360">
NI System Configuration:  (Hex 0x80040478) The remote device is not configurable for some reason other than password.
</nierror>
<nierror code="-2147220359">
NI System Configuration:  (Hex 0x80040479) Failed to unlock the system.
</nierror>
<nierror code="-2147220358">
NI System Configuration:  (Hex 0x8004047A) Failed to lock the system.
</nierror>
<nierror code="-2147220357">
NI System Configuration:  (Hex 0x8004047B) General installation failure.
</nierror>
<nierror code="-2147220356">
NI System Configuration:  (Hex 0x8004047C) Installation files were corrupt or not found in the repository.
</nierror>
<nierror code="-2147220355">
NI System Configuration:  (Hex 0x8004047D) The installation file is empty.
</nierror>
<nierror code="-2147220354">
NI System Configuration:  (Hex 0x8004047E) System must have a valid IP address before installation. IP address cannot be 0.0.0.0.
</nierror>
<nierror code="-2147220352">
NI System Configuration:  (Hex 0x80040480) General install error.
</nierror>
<nierror code="-2147220350">
NI System Configuration:  (Hex 0x80040482) Installation to the specified target has already begun.  Multiple installations are not allowed at the same time.
</nierror>
<nierror code="-2147220349">
NI System Configuration:  (Hex 0x80040483) Remote action aborted.
</nierror>
<nierror code="-2147220338">
NI System Configuration:  (Hex 0x8004048E) Hard drive on the remote system is either full or encountered an I/O error.
</nierror>
<nierror code="-2147220337">
NI System Configuration:  (Hex 0x8004048F) Hard drive format failed.
</nierror>
<nierror code="-2147220336">
NI System Configuration:  (Hex 0x80040490) System must be in safe mode before attempting Hard Drive Format.
</nierror>
<nierror code="-2147220335">
NI System Configuration:  (Hex 0x80040491) System failed to reboot after hard drive format. System is in unknown state.
</nierror>
<nierror code="-2147220331">
NI System Configuration:  (Hex 0x80040495) Failed to get one or more files while creating the system image.
</nierror>
<nierror code="-2147220330">
NI System Configuration:  (Hex 0x80040496) Failed to put one or more files while applying system image.
</nierror>
<nierror code="-2147220329">
NI System Configuration:  (Hex 0x80040497) The specified path does not point to a valid image.
</nierror>
<nierror code="-2147220328">
NI System Configuration:  (Hex 0x80040498) The image is for a different device class and is incompatible with the target.
</nierror>
<nierror code="-2147220327">
NI System Configuration:  (Hex 0x80040499) The image was not created from the specified target.
</nierror>
<nierror code="-2147220326">
NI System Configuration:  (Hex 0x8004049A) The requested file system is not supported on the specified target.
</nierror>
<nierror code="-2147220325">
NI System Configuration:  (Hex 0x8004049B) The specified target does not support custom software installations.
</nierror>
<nierror code="-2147220324">
NI System Configuration:  (Hex 0x8004049C) A file transfer error (FTP or WebDAV) occurred.
</nierror>
<nierror code="-2147220323">
NI System Configuration:  (Hex 0x8004049D) Operation timed out.
</nierror>
<nierror code="-2147220322">
NI System Configuration:  (Hex 0x8004049E) The specified file was not found.
</nierror>
<nierror code="-2147220321">
NI System Configuration:  (Hex 0x8004049F) The specified directory was not found.
</nierror>
<nierror code="-2147220320">
NI System Configuration:  (Hex 0x800404A0) The specified file or directory path was not found.
</nierror>
<nierror code="-2147220319">
NI System Configuration:  (Hex 0x800404A1) No software is available for install.
</nierror>
<nierror code="-2147220318">
NI System Configuration:  (Hex 0x800404A2) The file or directory exists and the overwrite flag was false.
</nierror>
<nierror code="-2147220317">
NI System Configuration:  (Hex 0x800404A3) The target was not formatted because the option to keep configuration after a format is supported only for targets on the local subnet. To format the target, repeat the operation without requesting to keep the configuration.
</nierror>
<nierror code="-2147220316">
NI System Configuration:  (Hex 0x800404A4) Filename or pathname is longer than what the server supports.
</nierror>
<nierror code="-2147220315">
NI System Configuration:  (Hex 0x800404A5) Failed when communicating with the system. This issue is usually caused by a high latency in the network. Refer to KnowledgeBase article 42GH3O00 on ni.com for possible solutions.
</nierror>
<nierror code="-2147220314">
NI System Configuration:  (Hex 0x800404A6) The operation failed because of insufficient permissions.
</nierror>
<nierror code="-2147220313">
NI System Configuration:  (Hex 0x800404A7) The operation failed because the path already exists.
</nierror>
<nierror code="-2147220312">
NI System Configuration:  (Hex 0x800404A8) The execution of an external command, script, or application failed.
</nierror>
<nierror code="-2147220311">
NI System Configuration:  (Hex 0x800404A9) Failed to download the file from the 'RT Images' repository.
</nierror>
<nierror code="-2147220309">
NI System Configuration:  (Hex 0x800404AB) Failure to send command.
</nierror>
<nierror code="-2147220308">
NI System Configuration:  (Hex 0x800404AC) Could not contact remote target. Ensure that the system is online.
</nierror>
<nierror code="-2147220307">
NI System Configuration:  (Hex 0x800404AD) Could not access network.
</nierror>
<nierror code="-2147220306">
NI System Configuration:  (Hex 0x800404AE) Command was not confirmed, result of operation is uncertain.
</nierror>
<nierror code="-2147220305">
NI System Configuration:  (Hex 0x800404AF) Hostname could not be resolved by DNS.
</nierror>
<nierror code="-2147220304">
NI System Configuration:  (Hex 0x800404B0) Timeout while waiting for reboot. System is offline.
</nierror>
<nierror code="-2147220303">
NI System Configuration:  (Hex 0x800404B1) The sending new configuration operation returned a failure.  However, the operation might not have failed.
</nierror>
<nierror code="-2147220300">
NI System Configuration:  (Hex 0x800404B4) Cannot install more than one startup component.
</nierror>
<nierror code="-2147220299">
NI System Configuration:  (Hex 0x800404B5) Invalid argument.
</nierror>
<nierror code="-2147220298">
NI System Configuration:  (Hex 0x800404B6) Cannot uninstall a component because there are dependencies.
</nierror>
<nierror code="-2147220297">
NI System Configuration:  (Hex 0x800404B7) Cannot install multiple packages of the same component.
</nierror>
<nierror code="-2147220296">
NI System Configuration:  (Hex 0x800404B8) Cannot install a component because there are dependencies.
</nierror>
<nierror code="-2147220295">
NI System Configuration:  (Hex 0x800404B9) Component will not work on this target.
</nierror>
<nierror code="-2147220294">
NI System Configuration:  (Hex 0x800404BA) Component will not work on this operating system.
</nierror>
<nierror code="-2147220293">
NI System Configuration:  (Hex 0x800404BB) BIOS update required before installing.
</nierror>
<nierror code="-2147220292">
NI System Configuration:  (Hex 0x800404BC) Cannot open file or folder.
</nierror>
<nierror code="-2147220291">
NI System Configuration:  (Hex 0x800404BD) Duplicate or missing components on target installation.
</nierror>
<nierror code="-2147220290">
NI System Configuration:  (Hex 0x800404BE) Buffer overflow, size is too small.
</nierror>
<nierror code="-2147220289">
NI System Configuration:  (Hex 0x800404BF) Unsupported version of CDF format.  Need a newer version of MAX or NI System Configuration.
</nierror>
<nierror code="-2147220288">
NI System Configuration:  (Hex 0x800404C0) Invalid software set.
</nierror>
<nierror code="-2147220287">
NI System Configuration:  (Hex 0x800404C1) Incompletely specified list of packages. Some hidden dependencies were added.
</nierror>
<nierror code="-2147220286">
NI System Configuration:  (Hex 0x800404C2) One or more software set items could not be found in the repository.
</nierror>
<nierror code="-2147220285">
NI System Configuration:  (Hex 0x800404C3) There is a top-level hidden component installed.
</nierror>
<nierror code="-2147220284">
NI System Configuration:  (Hex 0x800404C4) A component was passed in that is not an add-on.
</nierror>
<nierror code="-2147220283">
NI System Configuration:  (Hex 0x800404C5) Could not find the 'RT Images' repository location.
</nierror>
<nierror code="-2147220282">
NI System Configuration:  (Hex 0x800404C6) Could not read the 'RT Images' registry key.
</nierror>
<nierror code="-2147220281">
NI System Configuration:  (Hex 0x800404C7) Could not find the rts2cdf conversion utility.
</nierror>
<nierror code="-2147220280">
NI System Configuration:  (Hex 0x800404C8) The operating system is not supported.
</nierror>
<nierror code="-2147220279">
NI System Configuration:  (Hex 0x800404C9) Unspecified version while trying to install exact version of a component.
</nierror>
<nierror code="-2147220278">
NI System Configuration:  (Hex 0x800404CA) Unsupported MAC address format. Supply the MAC address as a colon separated string of characters instead of Hex display.
</nierror>
<nierror code="-2147220277">
NI System Configuration:  (Hex 0x800404CB) A component was passed in that is not a startup.
</nierror>
<nierror code="-2147024882">
NI System Configuration:  (Hex 0x8007000E) Out of memory.
</nierror>
<nierror code="-2147024809">
NI System Configuration:  (Hex 0x80070057) Invalid parameter.
</nierror>
<nierror code="263168">
NI System Configuration:  (Hex 0x40400) Initialization succeeded but the target is offline. Only cached system properties are available.
</nierror>
</nidocument>