<?XML Version="1.0">
<nidocument>
<nicomment>
<nifamily familyname="IMAQ Vision" displayname="IMAQ Vision">
</nifamily>
</nicomment>
<nierror code="-1074396200">
IMAQ Vision:  No error.
</nierror>
<nierror code="-1074396199">
IMAQ Vision:  Invalid Coordinate System
</nierror>
<nierror code="-1074396198">
IMAQ Vision:  Coordinate System not found.
</nierror>
<nierror code="-1074396160">
IMAQ Vision:  (Hex 0xBFF60400) System error.
</nierror>
<nierror code="-1074396159">
IMAQ Vision:  Not enough memory for requested operation.
</nierror>
<nierror code="-1074396158">
IMAQ Vision:  Memory error.
</nierror>
<nierror code="-1074396157">
IMAQ Vision:  Unlicensed copy of NI Vision.
</nierror>
<nierror code="-1074396156">
IMAQ Vision:  The function requires an NI Vision 5.0 Advanced license.
</nierror>
<nierror code="-1074396155">
IMAQ Vision:  NI Vision did not initialize properly.
</nierror>
<nierror code="-1074396154">
IMAQ Vision:  The image is not large enough for the operation.
</nierror>
<nierror code="-1074396153">
IMAQ Vision:  The barcode is not a valid Codabar barcode.
</nierror>
<nierror code="-1074396152">
IMAQ Vision:  The barcode is not a valid Code 3 of 9 barcode.
</nierror>
<nierror code="-1074396151">
IMAQ Vision:  The barcode is not a valid Code93 barcode.
</nierror>
<nierror code="-1074396150">
IMAQ Vision:  The barcode is not a valid Code128 barcode.
</nierror>
<nierror code="-1074396149">
IMAQ Vision:  The barcode is not a valid EAN8 barcode.
</nierror>
<nierror code="-1074396148">
IMAQ Vision:  The barcode is not a valid EAN13 barcode.
</nierror>
<nierror code="-1074396147">
IMAQ Vision:  The barcode is not a valid Interleaved 2 of 5 barcode.
</nierror>
<nierror code="-1074396146">
IMAQ Vision:  The barcode is not a valid MSI barcode.
</nierror>
<nierror code="-1074396145">
IMAQ Vision:  The barcode is not a valid UPCA barcode.
</nierror>
<nierror code="-1074396144">
IMAQ Vision:  The Code93 barcode contains invalid shift encoding.
</nierror>
<nierror code="-1074396143">
IMAQ Vision:  The barcode type is invalid.
</nierror>
<nierror code="-1074396142">
IMAQ Vision:  The image does not represent a valid linear barcode.
</nierror>
<nierror code="-1074396141">
IMAQ Vision:  The FNC value in the Code128 barcode is not located before the first data value.
</nierror>
<nierror code="-1074396140">
IMAQ Vision:  The starting code set in the Code128 barcode is not valid.
</nierror>
<nierror code="-1074396139">
IMAQ Vision:  Not enough reserved memory in the timed environment for the requested operation.
</nierror>
<nierror code="-1074396138">
IMAQ Vision:  The function is not supported when a time limit is active.
</nierror>
<nierror code="-1074396137">
IMAQ Vision:  (Hex 0xBFF60417) Quartz.dll not found.  Install DirectX 8.1 or later.
</nierror>
<nierror code="-1074396136">
IMAQ Vision:  The filter quality you provided is invalid. Valid quality values range from -1 to 1000.
</nierror>
<nierror code="-1074396135">
IMAQ Vision:  Invalid button label.
</nierror>
<nierror code="-1074396134">
IMAQ Vision:  Could not execute the function in the separate thread because the thread has not completed initialization.
</nierror>
<nierror code="-1074396133">
IMAQ Vision:  Could not execute the function in the separate thread because the thread could not initialize.
</nierror>
<nierror code="-1074396132">
IMAQ Vision:  The mask must be the same size as the template.
</nierror>
<nierror code="-1074396130">
IMAQ Vision:  The ROI must only have either a single Rectangle contour or a single Rotated Rectangle contour.
</nierror>
<nierror code="-1074396129">
IMAQ Vision:  During timed execution, you must use the preallocated version of this operation.
</nierror>
<nierror code="-1074396128">
IMAQ Vision:  An image being modified by one process cannot be requested by another process while a time limit is active.
</nierror>
<nierror code="-1074396127">
IMAQ Vision:  An image with pattern matching, calibration, or overlay information cannot be manipulated while a time limit is active.
</nierror>
<nierror code="-1074396126">
IMAQ Vision:  An image created before a time limit is started cannot be resized while a time limit is active.
</nierror>
<nierror code="-1074396125">
IMAQ Vision:  Invalid contrast threshold. The threshold value must be greater than 0. 
</nierror>
<nierror code="-1074396124">
IMAQ Vision:  NI Vision does not support the calibration ROI mode you supplied.
</nierror>
<nierror code="-1074396123">
IMAQ Vision:  NI Vision does not support the calibration mode you supplied.
</nierror>
<nierror code="-1074396122">
IMAQ Vision:  Set the foreground and background text colors to grayscale to draw on a U8 image.
</nierror>
<nierror code="-1074396121">
IMAQ Vision:  The value of the saturation threshold must be from 0 to 255.
</nierror>
<nierror code="-1074396120">
IMAQ Vision:  Not an image.
</nierror>
<nierror code="-1074396119">
IMAQ Vision:  They custom data key you supplied is invalid. The only valid character values are decimal 32-126 and 161-255. There must also be no repeated, leading, or trailing spaces.
</nierror>
<nierror code="-1074396118">
IMAQ Vision:  Step size must be greater than zero and less than Image size
</nierror>
<nierror code="-1074396117">
IMAQ Vision:  Invalid matrix size in the structuring element.
</nierror>
<nierror code="-1074396116">
IMAQ Vision:  Insufficient number of calibration feature points.
</nierror>
<nierror code="-1074396115">
IMAQ Vision:  The operation is invalid in a corrected image.
</nierror>
<nierror code="-1074396114">
IMAQ Vision:  The ROI contains an invalid contour type or is not contained in the ROI learned for calibration.
</nierror>
<nierror code="-1074396113">
IMAQ Vision:  The source/input image has not been calibrated.
</nierror>
<nierror code="-1074396112">
IMAQ Vision:  The number of pixel and real-world coordinates must be equal.
</nierror>
<nierror code="-1074396111">
IMAQ Vision:  Unable to automatically detect grid because the image is too distorted.
</nierror>
<nierror code="-1074396110">
IMAQ Vision:  Invalid calibration information version.
</nierror>
<nierror code="-1074396109">
IMAQ Vision:  Invalid calibration scaling factor.
</nierror>
<nierror code="-1074396108">
IMAQ Vision:  The calibration error map cannot be computed.
</nierror>
<nierror code="-1074396107">
IMAQ Vision:  Invalid calibration template image.
</nierror>
<nierror code="-1074396106">
IMAQ Vision:  Invalid calibration template image.
</nierror>
<nierror code="-1074396105">
IMAQ Vision:  Invalid calibration template image.
</nierror>
<nierror code="-1074396104">
IMAQ Vision:  Invalid calibration template image.
</nierror>
<nierror code="-1074396103">
IMAQ Vision:  Invalid calibration template image.
</nierror>
<nierror code="-1074396102">
IMAQ Vision:  Invalid calibration template image.
</nierror>
<nierror code="-1074396101">
IMAQ Vision:  Invalid calibration template image.
</nierror>
<nierror code="-1074396100">
IMAQ Vision:  Invalid calibration template image.
</nierror>
<nierror code="-1074396099">
IMAQ Vision:  Invalid calibration template image.
</nierror>
<nierror code="-1074396098">
IMAQ Vision:  You must pass NULL for the reserved parameter.
</nierror>
<nierror code="-1074396097">
IMAQ Vision:  You entered an invalid selection in the particle parameter.
</nierror>
<nierror code="-1074396096">
IMAQ Vision:  Not an object.
</nierror>
<nierror code="-1074396095">
IMAQ Vision:  The reference points passed are inconsistent.  At least two similar pixel coordinates correspond to different real-world coordinates.
</nierror>
<nierror code="-1074396094">
IMAQ Vision:  A resource conflict occurred in the timed environment. Two processes cannot manage the same resource and be time bounded.
</nierror>
<nierror code="-1074396093">
IMAQ Vision:  A resource conflict occurred in the timed environment. Two processes cannot access the same resource and be time bounded.
</nierror>
<nierror code="-1074396092">
IMAQ Vision:  Multiple timed environments are not supported.
</nierror>
<nierror code="-1074396091">
IMAQ Vision:  A time limit cannot be started until the timed environment is initialized.
</nierror>
<nierror code="-1074396090">
IMAQ Vision:  Multiple timed environments are not supported.
</nierror>
<nierror code="-1074396089">
IMAQ Vision:  The timed environment is already initialized.
</nierror>
<nierror code="-1074396088">
IMAQ Vision:  The results of the operation exceeded the size limits on the output data arrays.
</nierror>
<nierror code="-1074396087">
IMAQ Vision:  No time limit is available to stop.
</nierror>
<nierror code="-1074396086">
IMAQ Vision:  A time limit could not be set.
</nierror>
<nierror code="-1074396085">
IMAQ Vision:  The timed environment could not be initialized.
</nierror>
<nierror code="-1074396084">
IMAQ Vision:  No initialized timed environment is available to close.
</nierror>
<nierror code="-1074396083">
IMAQ Vision:  The time limit has expired.
</nierror>
<nierror code="-1074396082">
IMAQ Vision:  Only 8-bit images support the use of palettes.  Either do not use a palette, or convert your image to an 8-bit image before using a palette.
</nierror>
<nierror code="-1074396081">
IMAQ Vision:  Incorrect password.
</nierror>
<nierror code="-1074396080">
IMAQ Vision:  Invalid image type.
</nierror>
<nierror code="-1074396079">
IMAQ Vision:  Invalid metafile handle.
</nierror>
<nierror code="-1074396078">
IMAQ Vision:  Invalid image type.
</nierror>
<nierror code="-1074396077">
IMAQ Vision:  Incompatible image type.
</nierror>
<nierror code="-1074396076">
IMAQ Vision:  Unable to fit a line for the primary axis.
</nierror>
<nierror code="-1074396075">
IMAQ Vision:  Unable to fit a line for the secondary axis.
</nierror>
<nierror code="-1074396074">
IMAQ Vision:  Incompatible image size.
</nierror>
<nierror code="-1074396073">
IMAQ Vision:  When the mask's offset was applied, the mask was entirely outside of the image.
</nierror>
<nierror code="-1074396072">
IMAQ Vision:  Invalid image border.
</nierror>
<nierror code="-1074396071">
IMAQ Vision:  Invalid scan direction.
</nierror>
<nierror code="-1074396070">
IMAQ Vision:  Unsupported function.
</nierror>
<nierror code="-1074396069">
IMAQ Vision:  NI Vision does not support the color mode you specified.
</nierror>
<nierror code="-1074396068">
IMAQ Vision:  The function does not support the requested action.
</nierror>
<nierror code="-1074396067">
IMAQ Vision:  The source image and destination image must be different.
</nierror>
<nierror code="-1074396066">
IMAQ Vision:  Invalid point symbol.
</nierror>
<nierror code="-1074396065">
IMAQ Vision:  Cannot resize an image in an acquisition buffer.
</nierror>
<nierror code="-1074396064">
IMAQ Vision:  This operation is not supported for images in an acquisition buffer.
</nierror>
<nierror code="-1074396063">
IMAQ Vision:  The external buffer must be aligned on a 4-byte boundary. The line width and border pixels must be 4-byte aligned, as well.
</nierror>
<nierror code="-1074396062">
IMAQ Vision:  The tolerance parameter must be greater than or equal to 0.
</nierror>
<nierror code="-1074396061">
IMAQ Vision:  The size of each dimension of the window must be greater than 2 and less than or equal to the size of the image in the corresponding dimension.
</nierror>
<nierror code="-1074396060">
IMAQ Vision:  Lossless compression cannot be used with the floating point wavelet transform mode. Either set the wavelet transform mode to integer, or use lossy compression.
</nierror>
<nierror code="-1074396059">
IMAQ Vision:  Invalid maximum number of iterations. Maximum number of iterations must be greater than zero.
</nierror>
<nierror code="-1074396058">
IMAQ Vision:  Invalid rotation mode.
</nierror>
<nierror code="-1074396057">
IMAQ Vision:  Invalid search vector width. The width must be an odd number greater than zero.
</nierror>
<nierror code="-1074396056">
IMAQ Vision:  Invalid matrix mirror mode.
</nierror>
<nierror code="-1074396055">
IMAQ Vision:  Invalid aspect ratio. Valid aspect ratios must be greater than or equal to zero.
</nierror>
<nierror code="-1074396054">
IMAQ Vision:  Invalid cell fill type.
</nierror>
<nierror code="-1074396053">
IMAQ Vision:  Invalid border integrity. Valid values range from 0 to 100.
</nierror>
<nierror code="-1074396052">
IMAQ Vision:  Invalid demodulation mode.
</nierror>
<nierror code="-1074396051">
IMAQ Vision:  Invalid cell filter mode.
</nierror>
<nierror code="-1074396050">
IMAQ Vision:  Invalid ECC type.
</nierror>
<nierror code="-1074396049">
IMAQ Vision:  Invalid matrix polarity.
</nierror>
<nierror code="-1074396048">
IMAQ Vision:  Invalid cell sample size.
</nierror>
<nierror code="-1074396047">
IMAQ Vision:  Invalid linear average mode.
</nierror>
<nierror code="-1074396046">
IMAQ Vision:  When using a region of interest that is not a rectangle, you must specify the contrast mode of the barcode as either black on white or white on black.
</nierror>
<nierror code="-1074396045">
IMAQ Vision:  Invalid 2-D barcode Data Matrix subtype.
</nierror>
<nierror code="-1074396044">
IMAQ Vision:  Invalid 2-D barcode shape.
</nierror>
<nierror code="-1074396043">
IMAQ Vision:  Invalid 2-D barcode cell shape.
</nierror>
<nierror code="-1074396042">
IMAQ Vision:  Invalid 2-D barcode contrast.
</nierror>
<nierror code="-1074396041">
IMAQ Vision:  Invalid 2-D barcode type.
</nierror>
<nierror code="-1074396040">
IMAQ Vision:  Cannot access NI-IMAQ driver.
</nierror>
<nierror code="-1074396039">
IMAQ Vision:  I/O error.
</nierror>
<nierror code="-1074396038">
IMAQ Vision:  When searching for a coordinate system, the number of lines to fit must be 1.
</nierror>
<nierror code="-1074396037">
IMAQ Vision:  Trigger timeout.
</nierror>
<nierror code="-1074396036">
IMAQ Vision:  The Skeleton mode you specified is invalid.
</nierror>
<nierror code="-1074396035">
IMAQ Vision:  The template image does not contain enough information for learning the aggressive search strategy.
</nierror>
<nierror code="-1074396034">
IMAQ Vision:  The template image does not contain enough edge information for the sample size(s) requested.
</nierror>
<nierror code="-1074396033">
IMAQ Vision:  Invalid template descriptor.
</nierror>
<nierror code="-1074396032">
IMAQ Vision:  The template descriptor does not contain data required for the requested search strategy in rotation-invariant matching.
</nierror>
<nierror code="-1074396031">
IMAQ Vision:  The input tetragon must have four points. The points are specified clockwise starting with the top left point. 
</nierror>
<nierror code="-1074396030">
IMAQ Vision:  There are too many classification sessions open.  You must close a session before you can open another one.
</nierror>
<nierror code="-1074396028">
IMAQ Vision:  NI Vision no longer supports time-bounded execution.
</nierror>
<nierror code="-1074396027">
IMAQ Vision:  Invalid Color Resolution for the Color Classifier
</nierror>
<nierror code="-1074396026">
IMAQ Vision:  Invalid process type for edge detection.
</nierror>
<nierror code="-1074396025">
IMAQ Vision:  Angle range value should be equal to or greater than zero.
</nierror>
<nierror code="-1074396024">
IMAQ Vision:  Minimum coverage value should be greater than zero.
</nierror>
<nierror code="-1074396023">
IMAQ Vision:  The angle tolerance should be equal to or greater than 0.001.
</nierror>
<nierror code="-1074396022">
IMAQ Vision:  Invalid search mode for detecting straight edges
</nierror>
<nierror code="-1074396021">
IMAQ Vision:  Invalid kernel size for edge detection. The minimum kernel size is 3, the maximum kernel size is 1073741823 and the kernel size must be odd.
</nierror>
<nierror code="-1074396020">
IMAQ Vision:  Invalid grading mode.
</nierror>
<nierror code="-1074396019">
IMAQ Vision:  Invalid threshold percentage. Valid values range from 0 to 100.
</nierror>
<nierror code="-1074396018">
IMAQ Vision:  Invalid edge polarity search mode.
</nierror>
<nierror code="-1074396017">
IMAQ Vision:  The AIM grading data attached to the image you tried to open was created with a newer version of NI Vision. Upgrade to the latest version of NI Vision to read this file.
</nierror>
<nierror code="-1074396016">
IMAQ Vision:  No video driver is installed.
</nierror>
<nierror code="-1074396015">
IMAQ Vision:  Unable to establish network connection with remote system.
</nierror>
<nierror code="-1074396014">
IMAQ Vision:  RT Video Out does not support displaying the supplied image type at the selected color depth.
</nierror>
<nierror code="-1074396013">
IMAQ Vision:  Invalid video mode.
</nierror>
<nierror code="-1074396012">
IMAQ Vision:  Unable to display remote image on network connection.
</nierror>
<nierror code="-1074396011">
IMAQ Vision:  Unable to establish network connection.
</nierror>
<nierror code="-1074396010">
IMAQ Vision:  Invalid frame number.
</nierror>
<nierror code="-1074396009">
IMAQ Vision:  An internal DirectX error has occurred.  Try upgrading to the latest version of DirectX.
</nierror>
<nierror code="-1074396008">
IMAQ Vision:  An appropriate DirectX filter to process this file could not be found.  Install the filter that was used to create this AVI. Upgrading to the latest version of DirectX may correct this error.  NI Vision requires DirectX 8.1 or higher.
</nierror>
<nierror code="-1074396007">
IMAQ Vision:  Incompatible compression filter.
</nierror>
<nierror code="-1074396006">
IMAQ Vision:  Unknown codec.
</nierror>
<nierror code="-1074396005">
IMAQ Vision:  Invalid AVI session.
</nierror>
<nierror code="-1074396004">
IMAQ Vision:  A software key is restricting the use of this compression filter.
</nierror>
<nierror code="-1074396003">
IMAQ Vision:  The data for this frame exceeds the data buffer size specified when creating the AVI file.
</nierror>
<nierror code="-1074396002">
IMAQ Vision:  Invalid line gauge method.
</nierror>
<nierror code="-1074396001">
IMAQ Vision:  There are too many AVI sessions open.  You must close a session before you can open another one.
</nierror>
<nierror code="-1074396000">
IMAQ Vision:  Invalid file header.
</nierror>
<nierror code="-1074395999">
IMAQ Vision:  Invalid file type.
</nierror>
<nierror code="-1074395998">
IMAQ Vision:  Invalid color table.
</nierror>
<nierror code="-1074395997">
IMAQ Vision:  Invalid parameter.
</nierror>
<nierror code="-1074395996">
IMAQ Vision:  File is already open for writing.
</nierror>
<nierror code="-1074395995">
IMAQ Vision:  File not found.
</nierror>
<nierror code="-1074395994">
IMAQ Vision:  Too many files open.
</nierror>
<nierror code="-1074395993">
IMAQ Vision:  File I/O error.
</nierror>
<nierror code="-1074395992">
IMAQ Vision:  File access denied.
</nierror>
<nierror code="-1074395991">
IMAQ Vision:  NI Vision does not support the file type you specified.
</nierror>
<nierror code="-1074395990">
IMAQ Vision:  Could not read Vision info from file.
</nierror>
<nierror code="-1074395989">
IMAQ Vision:  Unable to read data.
</nierror>
<nierror code="-1074395988">
IMAQ Vision:  Unable to write data.
</nierror>
<nierror code="-1074395987">
IMAQ Vision:  Premature end of file.
</nierror>
<nierror code="-1074395986">
IMAQ Vision:  Invalid file format.
</nierror>
<nierror code="-1074395985">
IMAQ Vision:  Invalid file operation.
</nierror>
<nierror code="-1074395984">
IMAQ Vision:  NI Vision does not support the file data type you specified.
</nierror>
<nierror code="-1074395983">
IMAQ Vision:  Disk full.
</nierror>
<nierror code="-1074395982">
IMAQ Vision:  The frames per second in an AVI must be greater than zero and less than 100,000.
</nierror>
<nierror code="-1074395981">
IMAQ Vision:  The buffer that was passed in is not big enough to hold all of the data.
</nierror>
<nierror code="-1074395980">
IMAQ Vision:  Error initializing COM.
</nierror>
<nierror code="-1074395979">
IMAQ Vision:  The image has invalid particle information.  Call imaqCountParticles on the image to create particle information.
</nierror>
<nierror code="-1074395978">
IMAQ Vision:  Invalid particle number.
</nierror>
<nierror code="-1074395977">
IMAQ Vision:  The AVI file was created in a newer version of NI Vision. Upgrade to the latest version of NI Vision to read this AVI file.
</nierror>
<nierror code="-1074395976">
IMAQ Vision:  The color palette must have exactly 0 or 256 entries.
</nierror>
<nierror code="-1074395975">
IMAQ Vision:  DirectX has timed out reading or writing the AVI file.  When closing an AVI file, try adding an additional delay.  When reading an AVI file, try reducing CPU and disk load.
</nierror>
<nierror code="-1074395974">
IMAQ Vision:  NI Vision does not support reading JPEG2000 files with this colorspace method.
</nierror>
<nierror code="-1074395973">
IMAQ Vision:  NI Vision does not support reading JPEG2000 files with more than one layer.
</nierror>
<nierror code="-1074395972">
IMAQ Vision:  DirectX is unable to enumerate the compression filters. This is caused by a third-party compression filter that is either improperly installed or is preventing itself from being enumerated. Remove any recently installed compression filters and try again.
</nierror>
<nierror code="-1074395971">
IMAQ Vision:  The offset you specified must be size 2.
</nierror>
<nierror code="-1074395970">
IMAQ Vision:  (Hex 0xBFF604BE) Error opening AVI file. An appropriate codec to process this file might not have been found. Install the codec that was used to create this AVI.
</nierror>
<nierror code="-1074395969">
IMAQ Vision:  (Hex 0xBFF604BF) Error creating AVI file.
</nierror>
<nierror code="-1074395968">
IMAQ Vision:  (Hex 0xBFF604C0) Error writing AVI frame
</nierror>
<nierror code="-1074395967">
IMAQ Vision:  (Hex 0xBFF604C1) Error reading AVI frame
</nierror>
<nierror code="-1074395966">
IMAQ Vision:  (Hex 0xBFF604C2) The image cannot be converted to a type compatible with the codec used.
You either provided a 16-bit monochrome image or 64-bit color image and the bit depth is not set, or the codec only supports grayscale images and a color image was used.
</nierror>
<nierror code="-1074395965">
IMAQ Vision:  (Hex 0xBFF604C3) The AVI file has reached its maximum size of 2 Gigabytes.
</nierror>
<nierror code="-1074395964">
IMAQ Vision:  (Hex 0xBFF604C4) Invalid codec source.
</nierror>
<nierror code="-1074395963">
IMAQ Vision:  (Hex 0xBFF604C5) The file name must have the .avi extension.
</nierror>
<nierror code="-1074395962">
IMAQ Vision:  (Hex 0xBFF604C6) The codec name passed is empty. Specify a codec name.
</nierror>
<nierror code="-1074395960">
IMAQ Vision:  Initialization error.
</nierror>
<nierror code="-1074395959">
IMAQ Vision:  Unable to create window.
</nierror>
<nierror code="-1074395958">
IMAQ Vision:  Invalid window ID.
</nierror>
<nierror code="-1074395957">
IMAQ Vision:  The array sizes are not compatible.
</nierror>
<nierror code="-1074395956">
IMAQ Vision:  The quality you provided is invalid. Valid quality values range from -1 to 1000.
</nierror>
<nierror code="-1074395955">
IMAQ Vision:  Invalid maximum wavelet transform level.  Valid values range from 0 to 255.
</nierror>
<nierror code="-1074395954">
IMAQ Vision:  The quantization step size must be greater than or equal to 0.
</nierror>
<nierror code="-1074395953">
IMAQ Vision:  Invalid wavelet transform mode.
</nierror>
<nierror code="-1074395952">
IMAQ Vision:  The ROI must only have a single Point contour.
</nierror>
<nierror code="-1074395951">
IMAQ Vision:  The ROI must only have Point contours.
</nierror>
<nierror code="-1074395950">
IMAQ Vision:  The ROI must only have a single Line contour.
</nierror>
<nierror code="-1074395949">
IMAQ Vision:  The ROI must only have a single Annulus contour.
</nierror>
<nierror code="-1074395948">
IMAQ Vision:  Invalid measure particles calibration mode.
</nierror>
<nierror code="-1074395947">
IMAQ Vision:  Invalid particle classifier threshold type.
</nierror>
<nierror code="-1074395946">
IMAQ Vision:  Invalid Color Segmentation Distance
</nierror>
<nierror code="-1074395945">
IMAQ Vision:  Invalid Color Segmenation Particle Area
</nierror>
<nierror code="-1074395944">
IMAQ Vision:  Required Class name is not found in trained labels/Class names
</nierror>
<nierror code="-1074395943">
IMAQ Vision:  Number of Labels exceeded limit of label Image type
</nierror>
<nierror code="-1074395942">
IMAQ Vision:  Invalid Color Segmentation distance level
</nierror>
<nierror code="-1074395941">
IMAQ Vision:  Invalid SVM model type
</nierror>
<nierror code="-1074395940">
IMAQ Vision:  Invalid SVM kernel type
</nierror>
<nierror code="-1074395939">
IMAQ Vision:  No Support Vector is found at SVM training
</nierror>
<nierror code="-1074395938">
IMAQ Vision:  Label name is not found in added samples
</nierror>
<nierror code="-1074395937">
IMAQ Vision:  SVM training exceeded maximim Iteration limit
</nierror>
<nierror code="-1074395936">
IMAQ Vision:  Invalid SVM Parameter
</nierror>
<nierror code="-1074395935">
IMAQ Vision:  Invalid Identification score. Must be between 0-1000.
</nierror>
<nierror code="-1074395934">
IMAQ Vision:  Requested for invalid texture feature
</nierror>
<nierror code="-1074395933">
IMAQ Vision:  The coOccurrence Level must lie between 1 and the maximum pixel value of an image (255 for U8 image)
</nierror>
<nierror code="-1074395932">
IMAQ Vision:  Request for invalid wavelet subBand
</nierror>
<nierror code="-1074395931">
IMAQ Vision:  The final step size must be lesser than the initial step size
</nierror>
<nierror code="-1074395930">
IMAQ Vision:  Minimum Energy should lie between 0 and 100
</nierror>
<nierror code="-1074395929">
IMAQ Vision:  The classification label must be texture or defect for texture defect classifier
</nierror>
<nierror code="-1074395928">
IMAQ Vision:  The wavelet type is invalid
</nierror>
<nierror code="-1074395927">
IMAQ Vision:  Same Wavelet band is selected multiple times
</nierror>
<nierror code="-1074395926">
IMAQ Vision:  The two input image sizes are different 
</nierror>
<nierror code="-1074395925">
IMAQ Vision:  The input file is not a valid object tracking file.
</nierror>
<nierror code="-1074395924">
IMAQ Vision:  Invalid pyramid level for pyramid Pattern Matching
</nierror>
<nierror code="-1074395923">
IMAQ Vision:  Invalid angle range value for pyramid Pattern Matching
</nierror>
<nierror code="-1074395922">
IMAQ Vision:  Invalid learn angle range for pyramid pattern matching
</nierror>
<nierror code="-1074395921">
IMAQ Vision:  The object tracking file that you tried to open was created with a newer version of NI Vision. Upgrade to the latest version of NI Vision to read this file.
</nierror>
<nierror code="-1074395920">
IMAQ Vision:  Invalid number of classes.
</nierror>
<nierror code="-1074395919">
IMAQ Vision:  Supplied Threshold Type is Invalid
</nierror>
<nierror code="-1074395918">
IMAQ Vision:  Multiple line text is not supported without enabling Text Location Property
</nierror>
<nierror code="-1074395917">
IMAQ Vision:  Supplied line separator is not supported
</nierror>
<nierror code="-1074395916">
IMAQ Vision:  Invalid object position provided. The object should be in the image frame.
</nierror>
<nierror code="-1074395915">
IMAQ Vision:  Unequal image size passed for object addition. Image sizes should be the same for all added objects.
</nierror>
<nierror code="-1074395914">
IMAQ Vision:  Invalid intial angle specified. It should be in [0, 180] range.
</nierror>
<nierror code="-1074395913">
IMAQ Vision:  Shape Adapted MeanShift is not initialized. Initialize Shape Adapted MeanShift. 
</nierror>
<nierror code="-1074395912">
IMAQ Vision:  MeanShift has not been initialized. Initialize MeanShift before getting the related description.
</nierror>
<nierror code="-1074395911">
IMAQ Vision:  Invalid minimum score passed. It should be in [0, 1000] range.
</nierror>
<nierror code="-1074395910">
IMAQ Vision:  Invalid bounding box passed.
</nierror>
<nierror code="-1074395909">
IMAQ Vision:  Invalid covariance matrix passed.
</nierror>
<nierror code="-1074395908">
IMAQ Vision:  Bad Gaussian kernel generated. Reinitialize the object.
</nierror>
<nierror code="-1074395907">
IMAQ Vision:  Object to be tracked is lost. Initialize the object again.
</nierror>
<nierror code="-1074395906">
IMAQ Vision:  Invalid histogram size. Specify the same number of histogram bins for the same image type.
</nierror>
<nierror code="-1074395905">
IMAQ Vision:  Invalid histogram type. Reread the current image in the same format as the previous one.
</nierror>
<nierror code="-1074395904">
IMAQ Vision:  Object is outside the frame. Reinitialize the object.
</nierror>
<nierror code="-1074395903">
IMAQ Vision:  Invalid number of histogram bins for color processing. It should be in [2, 40] range.
</nierror>
<nierror code="-1074395902">
IMAQ Vision:  Object Histogram cannot describe this object. Reinitialize the object.
</nierror>
<nierror code="-1074395901">
IMAQ Vision:  Invalid Object Tracking Refnum passed. Initiate a proper refnum.
</nierror>
<nierror code="-1074395900">
IMAQ Vision:  No Shape Adapted MeanShift Instance found. Initialize at least one instance.
</nierror>
<nierror code="-1074395899">
IMAQ Vision:  No MeanShift Instance found. Initialize at least one instance.
</nierror>
<nierror code="-1074395898">
IMAQ Vision:  Invalid object instance passed. Object instance should be given for an object to be tracked.
</nierror>
<nierror code="-1074395897">
IMAQ Vision:  Invalid Tracking Method selected. It should be either MeanShift or ShapeAdapted MeanShift.
</nierror>
<nierror code="-1074395896">
IMAQ Vision:  Invalid Blob Tracking Info passed. Initiate objects to be tracked first.
</nierror>
<nierror code="-1074395895">
IMAQ Vision:  Object Tracking Refnum does not contain any objects to track. Add object instances to be tracked.
</nierror>
<nierror code="-1074395894">
IMAQ Vision:  Instance number to be deleted is greater than number of instances present.
</nierror>
<nierror code="-1074395893">
IMAQ Vision:  Max Shape Change Parameter is out of range. It should be in [0.0, 100.0] range.
</nierror>
<nierror code="-1074395892">
IMAQ Vision:  Max Rotation Change parameter is out of range. It should be in [0.0, 180.0] range.
</nierror>
<nierror code="-1074395891">
IMAQ Vision:  Max Scale Change parameter is out of range. It should be in [0.0, 100.0] range.
</nierror>
<nierror code="-1074395890">
IMAQ Vision:  Invalid number of histogram bins. Number of histogram bins should be in [2, 256] range.
</nierror>
<nierror code="-1074395889">
IMAQ Vision:  Blending Parameter is out of range. It should be in [0.0, 100.0] range.
</nierror>
<nierror code="-1074395888">
IMAQ Vision:  Both dimensions of the window size should be odd, greater than 2 and less than 16.
</nierror>
<nierror code="-1074395887">
IMAQ Vision:  The type of matrix supplied to the function is not supported.
</nierror>
<nierror code="-1074395886">
IMAQ Vision:  An invalid termination criteria was specified for the optical flow computation.
</nierror>
<nierror code="-1074395885">
IMAQ Vision:  The pyramid levels where not properly allocated.
</nierror>
<nierror code="-1074395884">
IMAQ Vision:  The pyramid level specified cannot be negative
</nierror>
<nierror code="-1074395883">
IMAQ Vision:  The kernel must be symmetric  with non-zero coefficients and of odd size
</nierror>
<nierror code="-1074395882">
IMAQ Vision:  Invalid smoothing parameter in Horn Schunck operation.
</nierror>
<nierror code="-1074395881">
IMAQ Vision:  Invalid stopping criteria type for Horn Schunck optical flow.
</nierror>
<nierror code="-1074395880">
IMAQ Vision:  Invalid particle.
</nierror>
<nierror code="-1074395879">
IMAQ Vision:  Invalid measure number.
</nierror>
<nierror code="-1074395878">
IMAQ Vision:  The Image Display control does not support writing this property node.
</nierror>
<nierror code="-1074395877">
IMAQ Vision:  The specified color mode requires the use of imaqChangeColorSpace2.
</nierror>
<nierror code="-1074395876">
IMAQ Vision:  This function does not currently support the color mode you specified.
</nierror>
<nierror code="-1074395875">
IMAQ Vision:  The barcode is not a valid Pharmacode symbol
</nierror>
<nierror code="-1074395840">
IMAQ Vision:  Invalid handle table index.
</nierror>
<nierror code="-1074395839">
IMAQ Vision:  Error while locking handle.
</nierror>
<nierror code="-1074395838">
IMAQ Vision:  Error while unlocking handle.
</nierror>
<nierror code="-1074395837">
IMAQ Vision:  The compression ratio must be greater than or equal to 1.
</nierror>
<nierror code="-1074395801">
IMAQ Vision:  The ROI contains too many contours.
</nierror>
<nierror code="-1074395800">
IMAQ Vision:  Protection error.
</nierror>
<nierror code="-1074395799">
IMAQ Vision:  Internal error.
</nierror>
<nierror code="-1074395798">
IMAQ Vision:  The size of the feature vector in the custom sample must match the size of those you have already added.
</nierror>
<nierror code="-1074395797">
IMAQ Vision:  Not a valid classifier session.
</nierror>
<nierror code="-1074395796">
IMAQ Vision:  You requested an invalid Nearest Neighbor classifier method.
</nierror>
<nierror code="-1074395795">
IMAQ Vision:  The k parameter must be greater than two.
</nierror>
<nierror code="-1074395794">
IMAQ Vision:  The k parameter must be <= the number of samples in each class.
</nierror>
<nierror code="-1074395793">
IMAQ Vision:  This classifier session is compact. Only the Classify and Dispose functions may be called on a compact classifier session.
</nierror>
<nierror code="-1074395792">
IMAQ Vision:  This classifier session is not trained. You may only call this function on a trained classifier session.
</nierror>
<nierror code="-1074395791">
IMAQ Vision:  This classifier function cannot be called on this type of classifier session.
</nierror>
<nierror code="-1074395790">
IMAQ Vision:  You requested an invalid distance metric.
</nierror>
<nierror code="-1074395789">
IMAQ Vision:  The classifier session you tried to open was created with a newer version of NI Vision. Upgrade to the latest version of NI Vision to read this file.
</nierror>
<nierror code="-1074395788">
IMAQ Vision:  This operation cannot be performed because you have not added any samples.
</nierror>
<nierror code="-1074395787">
IMAQ Vision:  You requested an invalid classifier type.
</nierror>
<nierror code="-1074395786">
IMAQ Vision:  The sum of Scale Dependence and Symmetry Dependence must be less than 1000.
</nierror>
<nierror code="-1074395785">
IMAQ Vision:  The image yielded no particles.
</nierror>
<nierror code="-1074395784">
IMAQ Vision:  The limits you supplied are not valid.
</nierror>
<nierror code="-1074395783">
IMAQ Vision:  The Sample Index fell outside the range of Samples.
</nierror>
<nierror code="-1074395782">
IMAQ Vision:  The description must be <= 255 characters.
</nierror>
<nierror code="-1074395781">
IMAQ Vision:  The engine for this classifier session does not support this operation.
</nierror>
<nierror code="-1074395780">
IMAQ Vision:  You requested an invalid particle type.
</nierror>
<nierror code="-1074395779">
IMAQ Vision:  You may only save a session in compact form if it is trained.
</nierror>
<nierror code="-1074395778">
IMAQ Vision:  The Kernel size must be smaller than the image size.
</nierror>
<nierror code="-1074395777">
IMAQ Vision:  The session you read from file must be the same type as the session you passed in.
</nierror>
<nierror code="-1074395776">
IMAQ Vision:  You can not use a compact classification file with read options other than Read All.
</nierror>
<nierror code="-1074395775">
IMAQ Vision:  The ROI you passed in may only contain closed contours.
</nierror>
<nierror code="-1074395774">
IMAQ Vision:  You must pass in a label.
</nierror>
<nierror code="-1074395773">
IMAQ Vision:  You must provide a destination image.
</nierror>
<nierror code="-1074395772">
IMAQ Vision:  You provided an invalid registration method.
</nierror>
<nierror code="-1074395771">
IMAQ Vision:  The golden template you tried to open was created with a newer version of NI Vision. Upgrade to the latest version of NI Vision to read this file.
</nierror>
<nierror code="-1074395770">
IMAQ Vision:  Invalid golden template.
</nierror>
<nierror code="-1074395769">
IMAQ Vision:  Edge Thickness to Ignore must be greater than zero.
</nierror>
<nierror code="-1074395768">
IMAQ Vision:  Scale must be greater than zero.
</nierror>
<nierror code="-1074395767">
IMAQ Vision:  The supplied scale is invalid for your template.
</nierror>
<nierror code="-1074395766">
IMAQ Vision:  This backwards-compatibility function can not be used with this session. Use newer, supported functions instead.
</nierror>
<nierror code="-1074395763">
IMAQ Vision:  You must provide a valid normalization method.
</nierror>
<nierror code="-1074395762">
IMAQ Vision:  The deviation factor for Niblack local threshold must be between 0 and 1.
</nierror>
<nierror code="-1074395760">
IMAQ Vision:  Board not found.
</nierror>
<nierror code="-1074395759">
IMAQ Vision:  I/O error.
</nierror>
<nierror code="-1074395758">
IMAQ Vision:  Board not opened.
</nierror>
<nierror code="-1074395757">
IMAQ Vision:  DLL not found.
</nierror>
<nierror code="-1074395756">
IMAQ Vision:  DLL function not found.
</nierror>
<nierror code="-1074395755">
IMAQ Vision:  Internal error.
</nierror>
<nierror code="-1074395754">
IMAQ Vision:  Trigger timeout.
</nierror>
<nierror code="-1074395746">
IMAQ Vision:  Invalid number specified for maximum contour refinements.
</nierror>
<nierror code="-1074395745">
IMAQ Vision:  Too many curves extracted from image. Raise the edge threshold or reduce the ROI.
</nierror>
<nierror code="-1074395744">
IMAQ Vision:  Invalid kernel for contour smoothing. Zero indicates no smoothing, otherwise value must be odd. 
</nierror>
<nierror code="-1074395743">
IMAQ Vision:  The contour line fit is invalid. Line segment start and stop must differ.
</nierror>
<nierror code="-1074395742">
IMAQ Vision:  The template image must be trained with IMAQ Learn Contour Pattern or be the same size as the target image.
</nierror>
<nierror code="-1074395741">
IMAQ Vision:  Matching failed to align the template and target contours.
</nierror>
<nierror code="-1074395740">
IMAQ Vision:  The contour you tried to open was created with a newer version of NI Vision. Upgrade to the latest version of NI Vision to read this file. 
</nierror>
<nierror code="-1074395739">
IMAQ Vision:  Only one range is allowed per curve connection constraint type. 
</nierror>
<nierror code="-1074395738">
IMAQ Vision:  Invalid contour connection constraint type. 
</nierror>
<nierror code="-1074395737">
IMAQ Vision:  In order to use contour matching, you must provide a template image that has been trained with IMAQ Learn Contour Pattern
</nierror>
<nierror code="-1074395736">
IMAQ Vision:  Invalid kernel width for curvature calculation. Must be an odd value greater than 1. 
</nierror>
<nierror code="-1074395735">
IMAQ Vision:  Invalid Contour Selection method for contour extraction. 
</nierror>
<nierror code="-1074395734">
IMAQ Vision:  Invalid Search Direction for contour extraction. 
</nierror>
<nierror code="-1074395733">
IMAQ Vision:  Invalid ROI for contour extraction. The ROI must contain an annulus, rectangle or rotated rectangle. 
</nierror>
<nierror code="-1074395732">
IMAQ Vision:  No curves were found in the image.
</nierror>
<nierror code="-1074395731">
IMAQ Vision:  Invalid Smoothing Kernel width for contour comparison. Must be zero or an odd positive integer. 
</nierror>
<nierror code="-1074395730">
IMAQ Vision:  If no template image is provided, the target image must contain both a contour with extracted points and a fitted equation.
</nierror>
<nierror code="-1074395729">
IMAQ Vision:  Invalid contour image.
</nierror>
<nierror code="-1074395728">
IMAQ Vision:  NI Vision does not support the search mode you provided.
</nierror>
<nierror code="-1074395727">
IMAQ Vision:  NI Vision does not support the search mode you provided for the type of 2D barcode for which you are searching.
</nierror>
<nierror code="-1074395726">
IMAQ Vision:  matchFactor has been obsoleted. Instead, set the initialMatchListLength and matchListReductionFactor in the MatchPatternAdvancedOptions structure.
</nierror>
<nierror code="-1074395725">
IMAQ Vision:  The data was stored with a newer version of NI Vision. Upgrade to the latest version of NI Vision to read this data.
</nierror>
<nierror code="-1074395724">
IMAQ Vision:  The size you specified is out of the valid range.
</nierror>
<nierror code="-1074395723">
IMAQ Vision:  The key you specified cannot be found in the image.
</nierror>
<nierror code="-1074395722">
IMAQ Vision:  Custom classifier sessions only classify feature vectors. They do not support classifying images.
</nierror>
<nierror code="-1074395721">
IMAQ Vision:  NI Vision does not support the bit depth you supplied for the image you supplied.
</nierror>
<nierror code="-1074395720">
IMAQ Vision:  Invalid ROI.
</nierror>
<nierror code="-1074395719">
IMAQ Vision:  Invalid ROI global rectangle.
</nierror>
<nierror code="-1074395718">
IMAQ Vision:  The version of LabVIEW or BridgeVIEW you are running does not support this operation.
</nierror>
<nierror code="-1074395717">
IMAQ Vision:  The range you supplied is invalid.
</nierror>
<nierror code="-1074395716">
IMAQ Vision:  NI Vision does not support the scaling method you provided.
</nierror>
<nierror code="-1074395715">
IMAQ Vision:  NI Vision does not support the calibration unit you supplied.
</nierror>
<nierror code="-1074395714">
IMAQ Vision:  NI Vision does not support the axis orientation you supplied.
</nierror>
<nierror code="-1074395713">
IMAQ Vision:  Value not in enumeration.
</nierror>
<nierror code="-1074395712">
IMAQ Vision:  You selected a region that is not of the right type.
</nierror>
<nierror code="-1074395711">
IMAQ Vision:  You specified a viewer that does not contain enough regions.
</nierror>
<nierror code="-1074395710">
IMAQ Vision:  The image has too many particles for this process.
</nierror>
<nierror code="-1074395709">
IMAQ Vision:  The AVI session has not been opened.
</nierror>
<nierror code="-1074395708">
IMAQ Vision:  The AVI session is a write session, but this operation requires a read session.
</nierror>
<nierror code="-1074395707">
IMAQ Vision:  The AVI session is a read session, but this operation requires a write session.
</nierror>
<nierror code="-1074395706">
IMAQ Vision:  This AVI session is already open. You must close it before calling the Create or Open functions.
</nierror>
<nierror code="-1074395705">
IMAQ Vision:  The data is corrupted and cannot be read.
</nierror>
<nierror code="-1074395704">
IMAQ Vision:  Invalid compression type.
</nierror>
<nierror code="-1074395703">
IMAQ Vision:  Invalid type of flatten.
</nierror>
<nierror code="-1074395702">
IMAQ Vision:  The length of the edge detection line must be greater than zero.
</nierror>
<nierror code="-1074395701">
IMAQ Vision:  The maximum Data Matrix barcode size must be equal to or greater than the minimum Data Matrix barcode size.
</nierror>
<nierror code="-1074395700">
IMAQ Vision:  The function requires the operating system to be Microsoft Windows 2000 or newer.
</nierror>
<nierror code="-1074395662">
IMAQ Vision:  Invalid calibration method requested
</nierror>
<nierror code="-1074395661">
IMAQ Vision:  This calibration is compact. Re-Learning calibration and retrieving thumbnails are not possible with this calibration
</nierror>
<nierror code="-1074395660">
IMAQ Vision:  Invalid number of K values 
</nierror>
<nierror code="-1074395659">
IMAQ Vision:  Invalid distortion model type
</nierror>
<nierror code="-1074395658">
IMAQ Vision:  Camera Model is not learned
</nierror>
<nierror code="-1074395657">
IMAQ Vision:  Supplied thumbnail index is invalid
</nierror>
<nierror code="-1074395656">
IMAQ Vision:  You must specify the same value for the smooth contours advanced match option for all templates you want to match.
</nierror>
<nierror code="-1074395655">
IMAQ Vision:  You must specify the same value for the enable calibration support advanced match option for all templates you want to match.
</nierror>
<nierror code="-1074395654">
IMAQ Vision:  The source image does not contain grading information. You must prepare the source image for grading when reading the Data Matrix, and you cannot change the contents of the source image between reading and grading the Data Matrix.
</nierror>
<nierror code="-1074395653">
IMAQ Vision:  The multiple geometric matching template you tried to open was created with a newer version of NI Vision. Upgrade to the latest version of NI Vision to read this file.
</nierror>
<nierror code="-1074395652">
IMAQ Vision:  The geometric matching template you tried to open was created with a newer version of NI Vision. Upgrade to the latest version of NI Vision to read this file.
</nierror>
<nierror code="-1074395651">
IMAQ Vision:  You must specify the same edge filter size for all the templates you want to match.
</nierror>
<nierror code="-1074395650">
IMAQ Vision:  You must specify the same curve extraction mode for all the templates you want to match.
</nierror>
<nierror code="-1074395649">
IMAQ Vision:  The geometric feature type specified is invalid.
</nierror>
<nierror code="-1074395648">
IMAQ Vision:  You supplied a template that was not learned.
</nierror>
<nierror code="-1074395647">
IMAQ Vision:  Invalid multiple geometric template.
</nierror>
<nierror code="-1074395646">
IMAQ Vision:  Need at least one template to learn.
</nierror>
<nierror code="-1074395645">
IMAQ Vision:  You supplied an invalid number of labels.
</nierror>
<nierror code="-1074395644">
IMAQ Vision:  Labels must be <= 255 characters.
</nierror>
<nierror code="-1074395643">
IMAQ Vision:  You supplied an invalid number of match options.
</nierror>
<nierror code="-1074395642">
IMAQ Vision:  Cannot find a label that matches the one you specified.
</nierror>
<nierror code="-1074395641">
IMAQ Vision:  Duplicate labels are not allowed.
</nierror>
<nierror code="-1074395640">
IMAQ Vision:  The number of zones found exceeded the capacity of the algorithm.
</nierror>
<nierror code="-1074395639">
IMAQ Vision:  The hatch style for the window background is invalid.
</nierror>
<nierror code="-1074395638">
IMAQ Vision:  The fill style for the window background is invalid.
</nierror>
<nierror code="-1074395637">
IMAQ Vision:  Your hardware is not supported by DirectX and cannot be put into NonTearing mode.
</nierror>
<nierror code="-1074395636">
IMAQ Vision:  DirectX is required for this feature.  Please install the latest version..
</nierror>
<nierror code="-1074395635">
IMAQ Vision:  The passed shape descriptor is invalid.
</nierror>
<nierror code="-1074395634">
IMAQ Vision:  Invalid max match overlap.  Values must be between -1 and 100.
</nierror>
<nierror code="-1074395633">
IMAQ Vision:  Invalid minimum match separation scale.  Values must be greater than or equal to -1.
</nierror>
<nierror code="-1074395632">
IMAQ Vision:  Invalid minimum match separation angle.  Values must be between -1 and 360.
</nierror>
<nierror code="-1074395631">
IMAQ Vision:  Invalid minimum match separation distance.  Values must be greater than or equal to -1.
</nierror>
<nierror code="-1074395630">
IMAQ Vision:  Invalid maximum number of features learn. Values must be integers greater than zero.
</nierror>
<nierror code="-1074395629">
IMAQ Vision:  Invalid maximum pixel distance from line. Values must be positive real numbers.
</nierror>
<nierror code="-1074395628">
IMAQ Vision:  Invalid geometric matching template image.
</nierror>
<nierror code="-1074395627">
IMAQ Vision:  The template does not contain enough features for geometric matching.
</nierror>
<nierror code="-1074395626">
IMAQ Vision:  The template does not contain enough features for geometric matching.
</nierror>
<nierror code="-1074395625">
IMAQ Vision:  You specified an invalid value for the match constraint value of the  range settings.
</nierror>
<nierror code="-1074395624">
IMAQ Vision:  Invalid occlusion range. Valid values for the bounds range from 0 to 100 and the upper bound must be greater than or equal to the lower bound.
</nierror>
<nierror code="-1074395623">
IMAQ Vision:  Invalid scale range. Values for the lower bound must be a positive real numbers and the upper bound must be greater than or equal to the lower bound.
</nierror>
<nierror code="-1074395622">
IMAQ Vision:  Invalid match geometric pattern setup data.
</nierror>
<nierror code="-1074395621">
IMAQ Vision:  Invalid learn geometric pattern setup data.
</nierror>
<nierror code="-1074395620">
IMAQ Vision:  Invalid curve extraction mode.
</nierror>
<nierror code="-1074395619">
IMAQ Vision:  You can specify only one occlusion range.
</nierror>
<nierror code="-1074395618">
IMAQ Vision:  You can specify only one scale range.
</nierror>
<nierror code="-1074395617">
IMAQ Vision:  The minimum number of features must be less than or equal to the maximum number of features.
</nierror>
<nierror code="-1074395616">
IMAQ Vision:  Invalid edge filter size.
</nierror>
<nierror code="-1074395615">
IMAQ Vision:  Invalid minimum strength for features. Values must be positive real numbers.
</nierror>
<nierror code="-1074395614">
IMAQ Vision:  Invalid aspect ratio for rectangular features. Values must be positive real numbers in the range 0.01 to 1.0.
</nierror>
<nierror code="-1074395613">
IMAQ Vision:  Invalid minimum length for linear features. Values must be integers greater than 0.
</nierror>
<nierror code="-1074395612">
IMAQ Vision:  Invalid minimum radius for circular features. Values must be integers greater than 0.
</nierror>
<nierror code="-1074395611">
IMAQ Vision:  Invalid minimum rectangle dimension. Values must be integers greater than 0.
</nierror>
<nierror code="-1074395610">
IMAQ Vision:  Invalid initial match list length. Values must be integers greater than 5.
</nierror>
<nierror code="-1074395609">
IMAQ Vision:  Invalid subpixel tolerance. Values must be positive real numbers.
</nierror>
<nierror code="-1074395608">
IMAQ Vision:  Invalid number of subpixel iterations. Values must be integers greater 10.
</nierror>
<nierror code="-1074395607">
IMAQ Vision:  Invalid maximum number of features used per match. Values must be integers greater than or equal to zero.
</nierror>
<nierror code="-1074395606">
IMAQ Vision:  Invalid minimum number of features used for matching. Values must be integers greater than zero.
</nierror>
<nierror code="-1074395605">
IMAQ Vision:  Invalid maximum end point gap. Valid values range from 0 to 32767.
</nierror>
<nierror code="-1074395604">
IMAQ Vision:  Invalid column step. Valid range is 1 to 255.
</nierror>
<nierror code="-1074395603">
IMAQ Vision:  Invalid row step. Valid range is 1 to 255.
</nierror>
<nierror code="-1074395602">
IMAQ Vision:  Invalid minimum length. Valid values must be greater than or equal to zero.
</nierror>
<nierror code="-1074395601">
IMAQ Vision:  Invalid edge threshold. Valid values range from 1 to 360.
</nierror>
<nierror code="-1074395600">
IMAQ Vision:  You must provide information about the subimage within the browser.
</nierror>
<nierror code="-1074395599">
IMAQ Vision:  Use error codes from this one to LAST_NIOCR_ERROR for NI trainable OCR alone
</nierror>
<nierror code="-1074395598">
IMAQ Vision:  The acceptance level is outside the valid range of  0 to 1000.
</nierror>
<nierror code="-1074395597">
IMAQ Vision:  Not a valid OCR session.
</nierror>
<nierror code="-1074395596">
IMAQ Vision:  Invalid character size. Character size must be >= 1.
</nierror>
<nierror code="-1074395595">
IMAQ Vision:  Invalid threshold mode value.
</nierror>
<nierror code="-1074395594">
IMAQ Vision:  Invalid substitution character. Valid substitution characters are ASCII values that range from 1 to 254.
</nierror>
<nierror code="-1074395593">
IMAQ Vision:  Invalid number of blocks. Number of blocks must be >= 4 and <= 50.
</nierror>
<nierror code="-1074395592">
IMAQ Vision:  Invalid read strategy.
</nierror>
<nierror code="-1074395591">
IMAQ Vision:  Invalid character index.
</nierror>
<nierror code="-1074395590">
IMAQ Vision:  Invalid number of character positions. Valid values range from 0 to 255.
</nierror>
<nierror code="-1074395589">
IMAQ Vision:  Invalid low threshold value. Valid threshold values range from 0 to 255.
</nierror>
<nierror code="-1074395588">
IMAQ Vision:  Invalid high threshold value. Valid threshold values range from 0 to 255.
</nierror>
<nierror code="-1074395587">
IMAQ Vision:  The low threshold must be less than the high threshold.
</nierror>
<nierror code="-1074395586">
IMAQ Vision:  Invalid lower threshold limit. Valid lower threshold limits range from 0 to 255.
</nierror>
<nierror code="-1074395585">
IMAQ Vision:  Invalid upper threshold limit. Valid upper threshold limits range from 0 to 255.
</nierror>
<nierror code="-1074395584">
IMAQ Vision:  The lower threshold limit must be less than the upper threshold limit.
</nierror>
<nierror code="-1074395583">
IMAQ Vision:  Invalid minimum character spacing value. Character spacing must be >= 1 pixel.
</nierror>
<nierror code="-1074395582">
IMAQ Vision:  Invalid maximum horizontal element spacing value. Maximum horizontal element spacing must be >= 0.
</nierror>
<nierror code="-1074395581">
IMAQ Vision:  Invalid maximum vertical element spacing value. Maximum vertical element spacing must be >= 0.
</nierror>
<nierror code="-1074395580">
IMAQ Vision:  Invalid minimum bounding rectangle width. Minimum bounding rectangle width must be >= 1.
</nierror>
<nierror code="-1074395579">
IMAQ Vision:  Invalid aspect ratio value. The aspect ratio must be zero or >= 100.
</nierror>
<nierror code="-1074395578">
IMAQ Vision:  Invalid or corrupt character set file.
</nierror>
<nierror code="-1074395577">
IMAQ Vision:  The character value must not be an empty string.
</nierror>
<nierror code="-1074395576">
IMAQ Vision:  Character values must be <=255 characters.
</nierror>
<nierror code="-1074395575">
IMAQ Vision:  Invalid number of erosions. The number of erosions must be >= 0.
</nierror>
<nierror code="-1074395574">
IMAQ Vision:  The character set description must be <=255 characters.
</nierror>
<nierror code="-1074395573">
IMAQ Vision:  The character set file was created by a newer version of NI Vision. Upgrade to the latest version of NI Vision to read the character set file.
</nierror>
<nierror code="-1074395572">
IMAQ Vision:  You must specify characters for a string. A string cannot contain integers.
</nierror>
<nierror code="-1074395571">
IMAQ Vision:  This attribute is read-only.
</nierror>
<nierror code="-1074395570">
IMAQ Vision:  This attribute requires a Boolean value.
</nierror>
<nierror code="-1074395569">
IMAQ Vision:  Invalid attribute.
</nierror>
<nierror code="-1074395568">
IMAQ Vision:  This attribute requires integer values.
</nierror>
<nierror code="-1074395567">
IMAQ Vision:  String values are invalid for this attribute. Enter a boolean value.
</nierror>
<nierror code="-1074395566">
IMAQ Vision:  Boolean values are not valid for this attribute. Enter an integer value.
</nierror>
<nierror code="-1074395565">
IMAQ Vision:  Requires a single-character string.
</nierror>
<nierror code="-1074395564">
IMAQ Vision:  Invalid predefined character value.
</nierror>
<nierror code="-1074395563">
IMAQ Vision:  This copy of NI OCR is unlicensed.
</nierror>
<nierror code="-1074395562">
IMAQ Vision:  String values are not valid for this attribute. Enter a Boolean value.
</nierror>
<nierror code="-1074395561">
IMAQ Vision:  The number of characters in the character value must match the number of objects in the image.
</nierror>
<nierror code="-1074395560">
IMAQ Vision:  Invalid object index.
</nierror>
<nierror code="-1074395559">
IMAQ Vision:  Invalid read option.
</nierror>
<nierror code="-1074395558">
IMAQ Vision:  The minimum character size must be less than the maximum character size.
</nierror>
<nierror code="-1074395557">
IMAQ Vision:  The minimum character bounding rectangle width must be less than the maximum character bounding rectangle width.
</nierror>
<nierror code="-1074395556">
IMAQ Vision:  The minimum character bounding rectangle height must be less than the maximum character bounding rectangle height.
</nierror>
<nierror code="-1074395555">
IMAQ Vision:  The maximum horizontal element spacing value must not exceed the minimum character spacing value.
</nierror>
<nierror code="-1074395554">
IMAQ Vision:  Invalid read resolution.
</nierror>
<nierror code="-1074395553">
IMAQ Vision:  Invalid minimum bounding rectangle height. The minimum bounding rectangle height must be >= 1.
</nierror>
<nierror code="-1074395552">
IMAQ Vision:  Not a valid character set.
</nierror>
<nierror code="-1074395551">
IMAQ Vision:  A trained OCR character cannot be renamed while it is a reference character.
</nierror>
<nierror code="-1074395550">
IMAQ Vision:  A character cannot have an ASCII value of 255.
</nierror>
<nierror code="-1074395549">
IMAQ Vision:  The number of objects found does not match the number of expected characters or patterns to verify.
</nierror>
<nierror code="-1074395500">
IMAQ Vision:  This is the last NI OCR error code that you can use.
</nierror>
<nierror code="-1074395499">
IMAQ Vision:  This is the first Display Test error code that you can use.
</nierror>
<nierror code="-1074395490">
IMAQ Vision:  This is the last Display Test error code that you can use.
</nierror>
<nierror code="-1074395437">
IMAQ Vision:  Reached maximum character length of 255 characters per line.
</nierror>
<nierror code="-1074395436">
IMAQ Vision:  Incompatible image size passed for object tracking. All images should be of equal size.
</nierror>
<nierror code="-1074395435">
IMAQ Vision:  The specified minimum or maximum depth value (or both) is not supported.
</nierror>
<nierror code="-1074395434">
IMAQ Vision:  The specified value of polynomial order is not supported.
</nierror>
<nierror code="-1074395433">
IMAQ Vision:  The specified sampling frequency value is not supported.
</nierror>
<nierror code="-1074395432">
IMAQ Vision:  The minimum depth value specified has to be greater than zero.
</nierror>
<nierror code="-1074395431">
IMAQ Vision:  The pixel value specified for invalid disparities is not correct.
</nierror>
<nierror code="-1074395430">
IMAQ Vision:  The translation between the stereo cameras is zero.
</nierror>
<nierror code="-1074395429">
IMAQ Vision:  The specified camera position is invalid.
</nierror>
<nierror code="-1074395428">
IMAQ Vision:  The value specified for the speckle range in block matching is invalid.
</nierror>
<nierror code="-1074395427">
IMAQ Vision:  The size of the speckle window is invalid.
</nierror>
<nierror code="-1074395426">
IMAQ Vision:  The texture threshold specified for block matching is invalid.
</nierror>
<nierror code="-1074395425">
IMAQ Vision:  The specified value for uniqueness for block matching is invalid.
</nierror>
<nierror code="-1074395424">
IMAQ Vision:  The mininum depth value is incorrect.
</nierror>
<nierror code="-1074395423">
IMAQ Vision:  The size of the Q matrix is not correct.
</nierror>
<nierror code="-1074395422">
IMAQ Vision:  The specified value for the scaling parameter during learning stereo calibration is invalid.
</nierror>
<nierror code="-1074395421">
IMAQ Vision:  The specified value for the filter cap for block matching is invalid.
</nierror>
<nierror code="-1074395420">
IMAQ Vision:  The specified prefilter size for block matching is invalid.
</nierror>
<nierror code="-1074395419">
IMAQ Vision:  The specified prefilter type for block matching is invalid.
</nierror>
<nierror code="-1074395418">
IMAQ Vision:  The specified value for number of disparities or minimum number of disparities is invalid.
</nierror>
<nierror code="-1074395417">
IMAQ Vision:  The specified window size for block matching is invalid.
</nierror>
<nierror code="-1074395416">
IMAQ Vision:  This 3D vision function cannot be called on this type of 3d vision session.
</nierror>
<nierror code="-1074395415">
IMAQ Vision:  There are too many 3D vision sessions open.  You must close a session before you can open another one.
</nierror>
<nierror code="-1074395414">
IMAQ Vision:  The 3D vision session you tried to open was created with a newer version of NI Vision. Upgrade to the latest version of NI Vision to read this file.
</nierror>
<nierror code="-1074395413">
IMAQ Vision:  You have specified an invalid filter type for block matching.
</nierror>
<nierror code="-1074395412">
IMAQ Vision:  You have requested results at an invalid camera position in the stereo setup.
</nierror>
<nierror code="-1074395411">
IMAQ Vision:  Not a valid 3D Vision session.
</nierror>
<nierror code="-1074395410">
IMAQ Vision:  NI Vision does not support less than one icon per line.
</nierror>
<nierror code="-1074395409">
IMAQ Vision:  Invalid subpixel divisions.
</nierror>
<nierror code="-1074395408">
IMAQ Vision:  Invalid detection mode.
</nierror>
<nierror code="-1074395407">
IMAQ Vision:  Invalid contrast value. Valid contrast values range from 0 to 255.
</nierror>
<nierror code="-1074395406">
IMAQ Vision:  The coordinate system could not be found on this image.
</nierror>
<nierror code="-1074395405">
IMAQ Vision:  NI Vision does not support the text orientation value you supplied.
</nierror>
<nierror code="-1074395404">
IMAQ Vision:  UnwrapImage does not support the interpolation method value you supplied.  Valid interpolation methods are zero order and bilinear. 
</nierror>
<nierror code="-1074395403">
IMAQ Vision:  The image was created in a newer version of NI Vision. Upgrade to the latest version of NI Vision to use this image.
</nierror>
<nierror code="-1074395402">
IMAQ Vision:  The function does not support the maximum number of points that you specified.
</nierror>
<nierror code="-1074395401">
IMAQ Vision:  The function does not support the matchFactor that you specified.
</nierror>
<nierror code="-1074395400">
IMAQ Vision:  The operation you have given Multicore Options is invalid. Please see the available enumeration values for Multicore Operation.
</nierror>
<nierror code="-1074395399">
IMAQ Vision:  You have given Multicore Options an invalid argument.
</nierror>
<nierror code="-1074395398">
IMAQ Vision:  Floating-point image expected.
</nierror>
<nierror code="-1074395397">
IMAQ Vision:  A complex image is required.
</nierror>
<nierror code="-1074395396">
IMAQ Vision:  RGB image expected.
</nierror>
<nierror code="-1074395395">
IMAQ Vision:  The input image must be a color image.
</nierror>
<nierror code="-1074395394">
IMAQ Vision:  The color mask removes too much color information.
</nierror>
<nierror code="-1074395393">
IMAQ Vision:  The color template image is too small.
</nierror>
<nierror code="-1074395392">
IMAQ Vision:  The color template image is too large.
</nierror>
<nierror code="-1074395391">
IMAQ Vision:  The contrast in the hue plane of the image is too low for learning shape features.
</nierror>
<nierror code="-1074395390">
IMAQ Vision:  The contrast in the luminance plane of the image is too low to learn shape features.
</nierror>
<nierror code="-1074395389">
IMAQ Vision:  Invalid color learn setup data.
</nierror>
<nierror code="-1074395388">
IMAQ Vision:  Invalid color learn setup data.
</nierror>
<nierror code="-1074395387">
IMAQ Vision:  Invalid color match setup data.
</nierror>
<nierror code="-1074395386">
IMAQ Vision:  Invalid color match setup data.
</nierror>
<nierror code="-1074395385">
IMAQ Vision:  Rotation-invariant color pattern matching requires a feature mode including shape.
</nierror>
<nierror code="-1074395384">
IMAQ Vision:  Invalid color template image.
</nierror>
<nierror code="-1074395383">
IMAQ Vision:  Invalid color template image.
</nierror>
<nierror code="-1074395382">
IMAQ Vision:  Invalid color template image.
</nierror>
<nierror code="-1074395381">
IMAQ Vision:  Invalid color template image.
</nierror>
<nierror code="-1074395380">
IMAQ Vision:  Invalid color template image.
</nierror>
<nierror code="-1074395379">
IMAQ Vision:  Invalid color template image.
</nierror>
<nierror code="-1074395378">
IMAQ Vision:  Invalid color template image.
</nierror>
<nierror code="-1074395377">
IMAQ Vision:  Invalid color template image.
</nierror>
<nierror code="-1074395376">
IMAQ Vision:  The color template image does not contain data required for shift-invariant color matching.
</nierror>
<nierror code="-1074395375">
IMAQ Vision:  Invalid color template image.
</nierror>
<nierror code="-1074395374">
IMAQ Vision:  Invalid color template image.
</nierror>
<nierror code="-1074395373">
IMAQ Vision:  Invalid color template image.
</nierror>
<nierror code="-1074395372">
IMAQ Vision:  The color template image does not contain data required for rotation-invariant color matching.
</nierror>
<nierror code="-1074395371">
IMAQ Vision:  Invalid color template image.
</nierror>
<nierror code="-1074395370">
IMAQ Vision:  Invalid color template image.
</nierror>
<nierror code="-1074395369">
IMAQ Vision:  Invalid color template image.
</nierror>
<nierror code="-1074395368">
IMAQ Vision:  Invalid color template image.
</nierror>
<nierror code="-1074395367">
IMAQ Vision:  Invalid color template image.
</nierror>
<nierror code="-1074395366">
IMAQ Vision:  The color template image does not contain data required for color matching in shape feature mode.
</nierror>
<nierror code="-1074395365">
IMAQ Vision:  The color template image does not contain data required for color matching in color feature mode.
</nierror>
<nierror code="-1074395364">
IMAQ Vision:  The ignore color spectra array is invalid.
</nierror>
<nierror code="-1074395363">
IMAQ Vision:  Invalid subsampling ratio.
</nierror>
<nierror code="-1074395362">
IMAQ Vision:  Invalid pixel width.
</nierror>
<nierror code="-1074395361">
IMAQ Vision:  Invalid steepness.
</nierror>
<nierror code="-1074395360">
IMAQ Vision:  Invalid complex plane.
</nierror>
<nierror code="-1074395357">
IMAQ Vision:  Invalid color ignore mode.
</nierror>
<nierror code="-1074395356">
IMAQ Vision:  Invalid minimum match score. Acceptable values range from 0 to 1000.
</nierror>
<nierror code="-1074395355">
IMAQ Vision:  Invalid number of matches requested. You must request a minimum of one match.
</nierror>
<nierror code="-1074395354">
IMAQ Vision:  Invalid color weight. Acceptable values range from 0 to 1000.
</nierror>
<nierror code="-1074395353">
IMAQ Vision:  Invalid search strategy.
</nierror>
<nierror code="-1074395352">
IMAQ Vision:  Invalid feature mode.
</nierror>
<nierror code="-1074395351">
IMAQ Vision:  NI Vision does not support rectangles with negative widths or negative heights.
</nierror>
<nierror code="-1074395350">
IMAQ Vision:  NI Vision does not support the vision information type you supplied.
</nierror>
<nierror code="-1074395349">
IMAQ Vision:  NI Vision does not support the SkeletonMethod value you supplied.
</nierror>
<nierror code="-1074395348">
IMAQ Vision:  NI Vision does not support the 3DPlane value you supplied.
</nierror>
<nierror code="-1074395347">
IMAQ Vision:  NI Vision does not support the 3DDirection value you supplied.
</nierror>
<nierror code="-1074395346">
IMAQ Vision:  imaqRotate does not support the InterpolationMethod value you supplied.
</nierror>
<nierror code="-1074395345">
IMAQ Vision:  NI Vision does not support the axis of symmetry you supplied.
</nierror>
<nierror code="-1074395343">
IMAQ Vision:  You must pass a valid file name. Do not pass in NULL.
</nierror>
<nierror code="-1074395340">
IMAQ Vision:  NI Vision does not support the SizeType value you supplied.
</nierror>
<nierror code="-1074395336">
IMAQ Vision:  You specified the dispatch status of an unknown algorithm.
</nierror>
<nierror code="-1074395335">
IMAQ Vision:  You are attempting to set the same algorithm to dispatch and to not dispatch. Remove one of the conflicting settings.
</nierror>
<nierror code="-1074395334">
IMAQ Vision:  NI Vision does not support the Conversion Method value you supplied.
</nierror>
<nierror code="-1074395333">
IMAQ Vision:  NI Vision does not support the VerticalTextAlignment value you supplied.
</nierror>
<nierror code="-1074395332">
IMAQ Vision:  NI Vision does not support the CompareFunction value you supplied.
</nierror>
<nierror code="-1074395331">
IMAQ Vision:  NI Vision does not support the BorderMethod value you supplied.
</nierror>
<nierror code="-1074395330">
IMAQ Vision:  Invalid border size. Acceptable values range from 0 to 50.
</nierror>
<nierror code="-1074395329">
IMAQ Vision:  NI Vision does not support the OutlineMethod value you supplied.
</nierror>
<nierror code="-1074395328">
IMAQ Vision:  NI Vision does not support the InterpolationMethod value you supplied.
</nierror>
<nierror code="-1074395327">
IMAQ Vision:  NI Vision does not support the ScalingMode value you supplied.
</nierror>
<nierror code="-1074395326">
IMAQ Vision:  imaqDrawLineOnImage does not support the DrawMode value you supplied.
</nierror>
<nierror code="-1074395325">
IMAQ Vision:  NI Vision does not support the DrawMode value you supplied.
</nierror>
<nierror code="-1074395324">
IMAQ Vision:  NI Vision does not support the ShapeMode value you supplied.
</nierror>
<nierror code="-1074395323">
IMAQ Vision:  NI Vision does not support the FontColor value you supplied.
</nierror>
<nierror code="-1074395322">
IMAQ Vision:  NI Vision does not support the TextAlignment value you supplied.
</nierror>
<nierror code="-1074395321">
IMAQ Vision:  NI Vision does not support the MorphologyMethod value you supplied.
</nierror>
<nierror code="-1074395320">
IMAQ Vision:  The template image is empty.
</nierror>
<nierror code="-1074395319">
IMAQ Vision:  NI Vision does not support the interpolation type you supplied.
</nierror>
<nierror code="-1074395318">
IMAQ Vision:  You supplied an insufficient number of points to perform this operation.
</nierror>
<nierror code="-1074395317">
IMAQ Vision:  You specified a point that lies outside the image.
</nierror>
<nierror code="-1074395316">
IMAQ Vision:  Invalid kernel code.
</nierror>
<nierror code="-1074395315">
IMAQ Vision:  You supplied an inefficient set of points to match the minimum score.
</nierror>
<nierror code="-1074395313">
IMAQ Vision:  Writing files is not supported on this device.
</nierror>
<nierror code="-1074395312">
IMAQ Vision:  The input image does not seem to be a valid LCD or LED calibration image.
</nierror>
<nierror code="-1074395311">
IMAQ Vision:  The color spectrum array you provided has an invalid number of elements or contains an element set to not-a-number (NaN).
</nierror>
<nierror code="-1074395310">
IMAQ Vision:  NI Vision does not support the PaletteType value you supplied.
</nierror>
<nierror code="-1074395309">
IMAQ Vision:  NI Vision does not support the WindowThreadPolicy value you supplied.
</nierror>
<nierror code="-1074395308">
IMAQ Vision:  NI Vision does not support the ColorSensitivity value you supplied.
</nierror>
<nierror code="-1074395307">
IMAQ Vision:  The precision parameter must be greater than 0.
</nierror>
<nierror code="-1074395306">
IMAQ Vision:  NI Vision does not support the Tool value you supplied.
</nierror>
<nierror code="-1074395305">
IMAQ Vision:  NI Vision does not support the ReferenceMode value you supplied.
</nierror>
<nierror code="-1074395304">
IMAQ Vision:  NI Vision does not support the MathTransformMethod value you supplied.
</nierror>
<nierror code="-1074395303">
IMAQ Vision:  Invalid number of classes for auto threshold. Acceptable values range from 2 to 256.
</nierror>
<nierror code="-1074395302">
IMAQ Vision:  NI Vision does not support the threshold method value you supplied.
</nierror>
<nierror code="-1074395301">
IMAQ Vision:  The ROI you passed into imaqGetMeterArc must consist of two lines.
</nierror>
<nierror code="-1074395300">
IMAQ Vision:  NI Vision does not support the MeterArcMode value you supplied.
</nierror>
<nierror code="-1074395299">
IMAQ Vision:  NI Vision does not support the ComplexPlane value you supplied.
</nierror>
<nierror code="-1074395298">
IMAQ Vision:  You can perform this operation on a real or an imaginary ComplexPlane only.
</nierror>
<nierror code="-1074395297">
IMAQ Vision:  NI Vision does not support the ParticleInfoMode value you supplied.
</nierror>
<nierror code="-1074395296">
IMAQ Vision:  NI Vision does not support the BarcodeType value you supplied.
</nierror>
<nierror code="-1074395295">
IMAQ Vision:  imaqInterpolatePoints does not support the InterpolationMethod value you supplied.
</nierror>
<nierror code="-1074395294">
IMAQ Vision:  The contour index you supplied is larger than the number of contours in the ROI.
</nierror>
<nierror code="-1074395293">
IMAQ Vision:  The supplied ContourID did not correlate to a contour inside the ROI.
</nierror>
<nierror code="-1074395292">
IMAQ Vision:  Do not supply collinear points for this operation.
</nierror>
<nierror code="-1074395291">
IMAQ Vision:  Shape Match requires the image to contain only pixel values of 0 or 1.
</nierror>
<nierror code="-1074395290">
IMAQ Vision:  The template you supplied for ShapeMatch contains no shape information.
</nierror>
<nierror code="-1074395289">
IMAQ Vision:  The operation would have exceeded the capacity of an internal container, which is limited to 4294967296 unique elements.
</nierror>
<nierror code="-1074395288">
IMAQ Vision:  The operation would have exceeded the capacity of an internal container, which is limited to 2147483648 unique elements.
</nierror>
<nierror code="-1074395287">
IMAQ Vision:  The line you provided contains two identical points, or one of the coordinate locations for the line is not a number (NaN).
</nierror>
<nierror code="-1074395286">
IMAQ Vision:  Invalid concentric rake direction.
</nierror>
<nierror code="-1074395285">
IMAQ Vision:  Invalid spoke direction.
</nierror>
<nierror code="-1074395284">
IMAQ Vision:  Invalid edge process.
</nierror>
<nierror code="-1074395283">
IMAQ Vision:  Invalid rake direction.
</nierror>
<nierror code="-1074395282">
IMAQ Vision:  Unable to draw to viewer. You must have the latest version of the control.
</nierror>
<nierror code="-1074395281">
IMAQ Vision:  Your image must be larger than its border size for this operation.
</nierror>
<nierror code="-1074395280">
IMAQ Vision:  The ROI must only have a single Rectangle contour.
</nierror>
<nierror code="-1074395279">
IMAQ Vision:  ROI is not a polygon.
</nierror>
<nierror code="-1074395278">
IMAQ Vision:  LCD image is not a number.
</nierror>
<nierror code="-1074395277">
IMAQ Vision:  The decoded barcode information did not pass the checksum test.
</nierror>
<nierror code="-1074395276">
IMAQ Vision:  You specified parallel lines for the meter ROI.
</nierror>
<nierror code="-1074395275">
IMAQ Vision:  Invalid browser image.
</nierror>
<nierror code="-1074395274">
IMAQ Vision:  Unable to create the channel usage
</nierror>
<nierror code="-1074395273">
IMAQ Vision:  Unable to set up the channel usage
</nierror>
<nierror code="-1074395272">
IMAQ Vision:  Unable to get the video digitizer.
</nierror>
<nierror code="-1074395271">
IMAQ Vision:  Unable to set the video digitizer parameters.
</nierror>
<nierror code="-1074395270">
IMAQ Vision:  Cannot divide by zero.
</nierror>
<nierror code="-1074395269">
IMAQ Vision:  Null pointer.
</nierror>
<nierror code="-1074395268">
IMAQ Vision:  The linear equations are not independent.
</nierror>
<nierror code="-1074395267">
IMAQ Vision:  The roots of the equation are complex.
</nierror>
<nierror code="-1074395266">
IMAQ Vision:  An internal error occurred in the peak/valley detection algorithm.
</nierror>
<nierror code="-1074395265">
IMAQ Vision:  The barcode does not match the type you specified.
</nierror>
<nierror code="-1074395264">
IMAQ Vision:  Full ASCII not found.
</nierror>
<nierror code="-1074395263">
IMAQ Vision:  No lit segment.
</nierror>
<nierror code="-1074395262">
IMAQ Vision:  The LCD does not form a known digit.
</nierror>
<nierror code="-1074395261">
IMAQ Vision:  An internal error occurred while attempting to access an invalid coordinate on an image.
</nierror>
<nierror code="-1074395260">
IMAQ Vision:  An internal memory error occurred.
</nierror>
<nierror code="-1074395259">
IMAQ Vision:  The version of LabVIEW or BridgeVIEW you are running does not support this operation.
</nierror>
<nierror code="-1074395258">
IMAQ Vision:  The filter width must be odd for the Canny operator.
</nierror>
<nierror code="-1074395257">
IMAQ Vision:  You supplied an invalid edge direction in the Canny operator.
</nierror>
<nierror code="-1074395256">
IMAQ Vision:  The window size must be odd for the Canny operator.
</nierror>
<nierror code="-1074395255">
IMAQ Vision:  The input data is not initialized for the peak/valley algorithm.
</nierror>
<nierror code="-1074395254">
IMAQ Vision:  The peak/valley detector contains an insufficient number of input elements.
</nierror>
<nierror code="-1074395253">
IMAQ Vision:  Invalid learn mode.
</nierror>
<nierror code="-1074395252">
IMAQ Vision:  Invalid learn setup data.
</nierror>
<nierror code="-1074395251">
IMAQ Vision:  Invalid match mode.
</nierror>
<nierror code="-1074395250">
IMAQ Vision:  Invalid match setup data.
</nierror>
<nierror code="-1074395249">
IMAQ Vision:  At least one range in the array of rotation angle ranges exceeds 360 degrees.
</nierror>
<nierror code="-1074395248">
IMAQ Vision:  The array of rotation angle ranges contains too many ranges.
</nierror>
<nierror code="-1074395247">
IMAQ Vision:  Invalid template descriptor.
</nierror>
<nierror code="-1074395246">
IMAQ Vision:  Invalid template descriptor.
</nierror>
<nierror code="-1074395245">
IMAQ Vision:  Invalid template descriptor.
</nierror>
<nierror code="-1074395244">
IMAQ Vision:  Invalid template descriptor.
</nierror>
<nierror code="-1074395243">
IMAQ Vision:  The template descriptor was created with a newer version of NI Vision. Upgrade to the latest version of NI Vision to use this template.
</nierror>
<nierror code="-1074395242">
IMAQ Vision:  Invalid template descriptor.
</nierror>
<nierror code="-1074395241">
IMAQ Vision:  The template descriptor does not contain data required for rotation-invariant matching.
</nierror>
<nierror code="-1074395240">
IMAQ Vision:  Invalid template descriptor.
</nierror>
<nierror code="-1074395239">
IMAQ Vision:  Invalid template descriptor.
</nierror>
<nierror code="-1074395238">
IMAQ Vision:  The template descriptor does not contain data required for shift-invariant matching.
</nierror>
<nierror code="-1074395237">
IMAQ Vision:  Invalid template descriptor.
</nierror>
<nierror code="-1074395236">
IMAQ Vision:  The template descriptor does not contain data required for scale-invariant matching.
</nierror>
<nierror code="-1074395235">
IMAQ Vision:  The template image does not contain enough contrast.
</nierror>
<nierror code="-1074395234">
IMAQ Vision:  The template image is too small.
</nierror>
<nierror code="-1074395233">
IMAQ Vision:  The template image is too large.
</nierror>
<nierror code="-1074395232">
IMAQ Vision:  Do not use error codes from here to last OCR error code; they exist, but are not documented.
</nierror>
<nierror code="-1074395214">
IMAQ Vision:  There are too many OCR sessions open.  You must close a session before you can open another one.
</nierror>
<nierror code="-1074395212">
IMAQ Vision:  The size of the template string must match the size of the string you are trying to correct.
</nierror>
<nierror code="-1074395211">
IMAQ Vision:  The supplied text template contains nonstandard characters that cannot be generated by OCR.
</nierror>
<nierror code="-1074395210">
IMAQ Vision:  At least one character in the text template was of a lexical class that did not match the supplied character reports.
</nierror>
<nierror code="-1074395208">
IMAQ Vision:  Data Matrix ECC code type is not supported by the Data Matrix grading standard.
</nierror>
<nierror code="-1074395207">
IMAQ Vision:  IMAQ Vision does not support the Grading Reflectance value you supplied.
</nierror>
<nierror code="-1074395203">
IMAQ Vision:  The OCR library cannot be initialized correctly.
</nierror>
<nierror code="-1074395201">
IMAQ Vision:  There was a failure when loading one of the internal OCR engine or LabView libraries.
</nierror>
<nierror code="-1074395200">
IMAQ Vision:  One of the parameters supplied to the OCR function that generated this error is invalid.
</nierror>
<nierror code="-1074395199">
IMAQ Vision:  Marker image and points are not supplied
</nierror>
<nierror code="-1074395198">
IMAQ Vision:  Source Image and Marker Image should be of same size.
</nierror>
<nierror code="-1074395197">
IMAQ Vision:  Both Marker Image and Points are supplied.
</nierror>
<nierror code="-1074395196">
IMAQ Vision:  Invalid Morphological Operation.
</nierror>
<nierror code="-1074395195">
IMAQ Vision:  Float image contains NaN values
</nierror>
<nierror code="-1074395194">
IMAQ Vision:  The overlay information you tried to open was created with a newer version of NI Vision. Upgrade to the latest version of NI Vision to read this file.
</nierror>
<nierror code="-1074395193">
IMAQ Vision:  No valid clamp was found with the current configuration
</nierror>
<nierror code="-1074395192">
IMAQ Vision:  Supplied angle range for clamp is insufficient
</nierror>
<nierror code="-1074395188">
IMAQ Vision:  The use all curves advanced option specified during learn is not supported
</nierror>
<nierror code="-1074395187">
IMAQ Vision:  The sigma value specified for the Gaussian filter is too small.
</nierror>
<nierror code="-1074395186">
IMAQ Vision:  The specified Gaussian filter type is not supported.
</nierror>
<nierror code="-1074395185">
IMAQ Vision:  The contrast reversal mode specified during matching is invalid.
</nierror>
<nierror code="-1074395184">
IMAQ Vision:  Invalid roation angle range. The upper bound must be greater than or equal to the lower bound.
</nierror>
<nierror code="-1074395183">
IMAQ Vision:  The minimum rotation angle value specifed during learning of the template is not supported.
</nierror>
<nierror code="-1074395182">
IMAQ Vision:  The maximum rotation angle value specifed during learning of the template is not supported.
</nierror>
<nierror code="-1074395181">
IMAQ Vision:  The maximum scale factor specifed during learning of the template is not supported.
</nierror>
<nierror code="-1074395180">
IMAQ Vision:  The minimum scale factor specifed during learning of the template is not supported.
</nierror>
<nierror code="-1074395179">
IMAQ Vision:  The OCR engine failed during the preprocessing stage.
</nierror>
<nierror code="-1074395178">
IMAQ Vision:  The OCR engine failed during the recognition stage.
</nierror>
<nierror code="-1074395175">
IMAQ Vision:  The provided filename is not valid user dictionary filename.
</nierror>
<nierror code="-1074395174">
IMAQ Vision:  NI Vision does not support the AutoOrientMode value you supplied.
</nierror>
<nierror code="-1074395173">
IMAQ Vision:  NI Vision does not support the Language value you supplied.
</nierror>
<nierror code="-1074395172">
IMAQ Vision:  NI Vision does not support the CharacterSet value you supplied.
</nierror>
<nierror code="-1074395171">
IMAQ Vision:  The system could not locate the initialization file required for OCR initialization.
</nierror>
<nierror code="-1074395170">
IMAQ Vision:  NI Vision does not support the CharacterType value you supplied.
</nierror>
<nierror code="-1074395169">
IMAQ Vision:  NI Vision does not support the RecognitionMode value you supplied.
</nierror>
<nierror code="-1074395168">
IMAQ Vision:  NI Vision does not support the AutoCorrectionMode value you supplied.
</nierror>
<nierror code="-1074395167">
IMAQ Vision:  NI Vision does not support the OutputDelimiter value you supplied.
</nierror>
<nierror code="-1074395166">
IMAQ Vision:  The system could not locate the OCR binary directory required for OCR initialization.
</nierror>
<nierror code="-1074395165">
IMAQ Vision:  The system could not locate the OCR weights directory required for OCR initialization.
</nierror>
<nierror code="-1074395164">
IMAQ Vision:  The supplied word could not be added to the user dictionary.
</nierror>
<nierror code="-1074395163">
IMAQ Vision:  NI Vision does not support the CharacterPreference value you supplied.
</nierror>
<nierror code="-1074395162">
IMAQ Vision:  NI Vision does not support the CorrectionMethod value you supplied.
</nierror>
<nierror code="-1074395161">
IMAQ Vision:  NI Vision does not support the CorrectionLevel value you supplied.
</nierror>
<nierror code="-1074395160">
IMAQ Vision:  NI Vision does not support the maximum point size you supplied.  Valid values range from 4 to 72.
</nierror>
<nierror code="-1074395159">
IMAQ Vision:  NI Vision does not support the tolerance value you supplied.  Valid values are non-negative.
</nierror>
<nierror code="-1074395158">
IMAQ Vision:  NI Vision does not support the ContrastMode value you supplied.
</nierror>
<nierror code="-1074395156">
IMAQ Vision:  The OCR attempted to detected the text skew and failed.
</nierror>
<nierror code="-1074395155">
IMAQ Vision:  The OCR attempted to detected the text orientation and failed.
</nierror>
<nierror code="-1074395153">
IMAQ Vision:  Invalid font file format.
</nierror>
<nierror code="-1074395152">
IMAQ Vision:  Font file not found.
</nierror>
<nierror code="-1074395151">
IMAQ Vision:  The OCR engine failed during the correction stage.
</nierror>
<nierror code="-1074395150">
IMAQ Vision:  NI Vision does not support the RoundingMode value you supplied.
</nierror>
<nierror code="-1074395149">
IMAQ Vision:  Found a duplicate transform type in the properties array. Each properties array may only contain one behavior for each transform type.
</nierror>
<nierror code="-1074395148">
IMAQ Vision:  Overlay Group Not Found.
</nierror>
<nierror code="-1074395147">
IMAQ Vision:  The barcode is not a valid RSS Limited symbol
</nierror>
<nierror code="-1074395146">
IMAQ Vision:  Couldn't determine the correct version of the QR code.
</nierror>
<nierror code="-1074395145">
IMAQ Vision:  Invalid read of the QR code.
</nierror>
<nierror code="-1074395144">
IMAQ Vision:  The barcode that was read contains invalid parameters.
</nierror>
<nierror code="-1074395143">
IMAQ Vision:  The data stream that was demodulated could not be read because the mode was not detected.
</nierror>
<nierror code="-1074395142">
IMAQ Vision:  Couldn't determine the correct model of the QR code.
</nierror>
<nierror code="-1074395141">
IMAQ Vision:  The OCR engine could not find any text in the supplied region.
</nierror>
<nierror code="-1074395140">
IMAQ Vision:  One of the character reports is no longer usable by the system.
</nierror>
<nierror code="-1074395139">
IMAQ Vision:  Invalid Dimensions.
</nierror>
<nierror code="-1074395138">
IMAQ Vision:  The OCR region provided was too small to have contained any characters.
</nierror>
<nierror code="-1074395137">
IMAQ Vision:  Error initializing toolkit
</nierror>
<nierror code="-1074395136">
IMAQ Vision:  Last Error for OCR
</nierror>
<nierror code="-1074395135">
IMAQ Vision:  The Bayer decode algorithm provided is not supported.
</nierror>
<nierror code="-1074395134">
IMAQ Vision:  The Bayer pattern provided is not supported.
</nierror>
<nierror code="-1074395133">
IMAQ Vision:  The red channel gain value for the Bayer decode is out of range.
</nierror>
<nierror code="-1074395132">
IMAQ Vision:  The green channel gain value for the Bayer decode is out of range.
</nierror>
<nierror code="-1074395131">
IMAQ Vision:  The blue channel gain value for the Bayer decode is out of range.
</nierror>
</nidocument>